Analysis & Synthesis report for SnakeTop
Thu Dec 28 10:37:22 2023
Quartus II 64-Bit Version 13.1.0 Build 162 10/23/2013 SJ Web Edition


---------------------
; Table of Contents ;
---------------------
  1. Legal Notice
  2. Analysis & Synthesis Summary
  3. Analysis & Synthesis Settings
  4. Parallel Compilation
  5. Analysis & Synthesis Source Files Read
  6. Analysis & Synthesis Resource Usage Summary
  7. Analysis & Synthesis Resource Utilization by Entity
  8. User-Specified and Inferred Latches
  9. Registers Removed During Synthesis
 10. General Register Statistics
 11. Inverted Register Statistics
 12. Multiplexer Restructuring Statistics (Restructuring Performed)
 13. Parameter Settings for User Entity Instance: Top-level Entity: |SnakeTop
 14. Port Connectivity Checks: "FND:FND1"
 15. Port Connectivity Checks: "FND:FND0"
 16. Port Connectivity Checks: "RandNum:RN0"
 17. Elapsed Time Per Partition
 18. Analysis & Synthesis Messages



----------------
; Legal Notice ;
----------------
Copyright (C) 1991-2013 Altera Corporation
Your use of Altera Corporation's design tools, logic functions 
and other software and tools, and its AMPP partner logic 
functions, and any output files from any of the foregoing 
(including device programming or simulation files), and any 
associated documentation or information are expressly subject 
to the terms and conditions of the Altera Program License 
Subscription Agreement, Altera MegaCore Function License 
Agreement, or other applicable license agreement, including, 
without limitation, that your use is for the sole purpose of 
programming logic devices manufactured by Altera and sold by 
Altera or its authorized distributors.  Please refer to the 
applicable agreement for further details.



+------------------------------------------------------------------------------+
; Analysis & Synthesis Summary                                                 ;
+---------------------------------+--------------------------------------------+
; Analysis & Synthesis Status     ; Successful - Thu Dec 28 10:37:22 2023      ;
; Quartus II 64-Bit Version       ; 13.1.0 Build 162 10/23/2013 SJ Web Edition ;
; Revision Name                   ; SnakeTop                                   ;
; Top-level Entity Name           ; SnakeTop                                   ;
; Family                          ; Cyclone V                                  ;
; Logic utilization (in ALMs)     ; N/A                                        ;
; Total registers                 ; 170                                        ;
; Total pins                      ; 50                                         ;
; Total virtual pins              ; 0                                          ;
; Total block memory bits         ; 0                                          ;
; Total DSP Blocks                ; 0                                          ;
; Total HSSI RX PCSs              ; 0                                          ;
; Total HSSI PMA RX Deserializers ; 0                                          ;
; Total HSSI TX PCSs              ; 0                                          ;
; Total HSSI TX Channels          ; 0                                          ;
; Total PLLs                      ; 0                                          ;
; Total DLLs                      ; 0                                          ;
+---------------------------------+--------------------------------------------+


+---------------------------------------------------------------------------------------------------------------------------+
; Analysis & Synthesis Settings                                                                                             ;
+---------------------------------------------------------------------------------+--------------------+--------------------+
; Option                                                                          ; Setting            ; Default Value      ;
+---------------------------------------------------------------------------------+--------------------+--------------------+
; Device                                                                          ; 5CSEMA5F31C6       ;                    ;
; Top-level entity name                                                           ; SnakeTop           ; SnakeTop           ;
; Family name                                                                     ; Cyclone V          ; Cyclone IV GX      ;
; Use smart compilation                                                           ; Off                ; Off                ;
; Enable parallel Assembler and TimeQuest Timing Analyzer during compilation      ; On                 ; On                 ;
; Enable compact report table                                                     ; Off                ; Off                ;
; Restructure Multiplexers                                                        ; Auto               ; Auto               ;
; MLAB Add Timing Constraints For Mixed-Port Feed-Through Mode Setting Don't Care ; Off                ; Off                ;
; Create Debugging Nodes for IP Cores                                             ; Off                ; Off                ;
; Preserve fewer node names                                                       ; On                 ; On                 ;
; Disable OpenCore Plus hardware evaluation                                       ; Off                ; Off                ;
; Verilog Version                                                                 ; Verilog_2001       ; Verilog_2001       ;
; VHDL Version                                                                    ; VHDL_1993          ; VHDL_1993          ;
; State Machine Processing                                                        ; Auto               ; Auto               ;
; Safe State Machine                                                              ; Off                ; Off                ;
; Extract Verilog State Machines                                                  ; On                 ; On                 ;
; Extract VHDL State Machines                                                     ; On                 ; On                 ;
; Ignore Verilog initial constructs                                               ; Off                ; Off                ;
; Iteration limit for constant Verilog loops                                      ; 5000               ; 5000               ;
; Iteration limit for non-constant Verilog loops                                  ; 250                ; 250                ;
; Add Pass-Through Logic to Inferred RAMs                                         ; On                 ; On                 ;
; Infer RAMs from Raw Logic                                                       ; On                 ; On                 ;
; Parallel Synthesis                                                              ; On                 ; On                 ;
; DSP Block Balancing                                                             ; Auto               ; Auto               ;
; NOT Gate Push-Back                                                              ; On                 ; On                 ;
; Power-Up Don't Care                                                             ; On                 ; On                 ;
; Remove Redundant Logic Cells                                                    ; Off                ; Off                ;
; Remove Duplicate Registers                                                      ; On                 ; On                 ;
; Ignore CARRY Buffers                                                            ; Off                ; Off                ;
; Ignore CASCADE Buffers                                                          ; Off                ; Off                ;
; Ignore GLOBAL Buffers                                                           ; Off                ; Off                ;
; Ignore ROW GLOBAL Buffers                                                       ; Off                ; Off                ;
; Ignore LCELL Buffers                                                            ; Off                ; Off                ;
; Ignore SOFT Buffers                                                             ; On                 ; On                 ;
; Limit AHDL Integers to 32 Bits                                                  ; Off                ; Off                ;
; Optimization Technique                                                          ; Balanced           ; Balanced           ;
; Carry Chain Length                                                              ; 70                 ; 70                 ;
; Auto Carry Chains                                                               ; On                 ; On                 ;
; Auto Open-Drain Pins                                                            ; On                 ; On                 ;
; Perform WYSIWYG Primitive Resynthesis                                           ; Off                ; Off                ;
; Auto ROM Replacement                                                            ; On                 ; On                 ;
; Auto RAM Replacement                                                            ; On                 ; On                 ;
; Auto DSP Block Replacement                                                      ; On                 ; On                 ;
; Auto Shift Register Replacement                                                 ; Auto               ; Auto               ;
; Allow Shift Register Merging across Hierarchies                                 ; Auto               ; Auto               ;
; Auto Clock Enable Replacement                                                   ; On                 ; On                 ;
; Strict RAM Replacement                                                          ; Off                ; Off                ;
; Allow Synchronous Control Signals                                               ; On                 ; On                 ;
; Force Use of Synchronous Clear Signals                                          ; Off                ; Off                ;
; Auto Resource Sharing                                                           ; Off                ; Off                ;
; Allow Any RAM Size For Recognition                                              ; Off                ; Off                ;
; Allow Any ROM Size For Recognition                                              ; Off                ; Off                ;
; Allow Any Shift Register Size For Recognition                                   ; Off                ; Off                ;
; Use LogicLock Constraints during Resource Balancing                             ; On                 ; On                 ;
; Ignore translate_off and synthesis_off directives                               ; Off                ; Off                ;
; Timing-Driven Synthesis                                                         ; On                 ; On                 ;
; Report Parameter Settings                                                       ; On                 ; On                 ;
; Report Source Assignments                                                       ; On                 ; On                 ;
; Report Connectivity Checks                                                      ; On                 ; On                 ;
; Ignore Maximum Fan-Out Assignments                                              ; Off                ; Off                ;
; Synchronization Register Chain Length                                           ; 3                  ; 3                  ;
; PowerPlay Power Optimization                                                    ; Normal compilation ; Normal compilation ;
; HDL message level                                                               ; Level2             ; Level2             ;
; Suppress Register Optimization Related Messages                                 ; Off                ; Off                ;
; Number of Removed Registers Reported in Synthesis Report                        ; 5000               ; 5000               ;
; Number of Swept Nodes Reported in Synthesis Report                              ; 5000               ; 5000               ;
; Number of Inverted Registers Reported in Synthesis Report                       ; 100                ; 100                ;
; Clock MUX Protection                                                            ; On                 ; On                 ;
; Auto Gated Clock Conversion                                                     ; Off                ; Off                ;
; Block Design Naming                                                             ; Auto               ; Auto               ;
; SDC constraint protection                                                       ; Off                ; Off                ;
; Synthesis Effort                                                                ; Auto               ; Auto               ;
; Shift Register Replacement - Allow Asynchronous Clear Signal                    ; On                 ; On                 ;
; Pre-Mapping Resynthesis Optimization                                            ; Off                ; Off                ;
; Analysis & Synthesis Message Level                                              ; Medium             ; Medium             ;
; Disable Register Merging Across Hierarchies                                     ; Auto               ; Auto               ;
; Resource Aware Inference For Block RAM                                          ; On                 ; On                 ;
; Synthesis Seed                                                                  ; 1                  ; 1                  ;
; Automatic Parallel Synthesis                                                    ; On                 ; On                 ;
+---------------------------------------------------------------------------------+--------------------+--------------------+


Parallel compilation was disabled, but you have multiple processors available. Enable parallel compilation to reduce compilation time.
+-------------------------------------+
; Parallel Compilation                ;
+----------------------------+--------+
; Processors                 ; Number ;
+----------------------------+--------+
; Number detected on machine ; 8      ;
; Maximum allowed            ; 1      ;
+----------------------------+--------+


+------------------------------------------------------------------------------------------------------------------------------+
; Analysis & Synthesis Source Files Read                                                                                       ;
+----------------------------------+-----------------+------------------------+--------------------------------------+---------+
; File Name with User-Entered Path ; Used in Netlist ; File Type              ; File Name with Absolute Path         ; Library ;
+----------------------------------+-----------------+------------------------+--------------------------------------+---------+
; ../../SIM/SnakeTop/SnakeTop.v    ; yes             ; User Verilog HDL File  ; C:/Research/SIM/SnakeTop/SnakeTop.v  ;         ;
; ../../SIM/SnakeTop/RandNum.v     ; yes             ; User Verilog HDL File  ; C:/Research/SIM/SnakeTop/RandNum.v   ;         ;
; ../../SIM/SnakeTop/FND.v         ; yes             ; User Verilog HDL File  ; C:/Research/SIM/SnakeTop/FND.v       ;         ;
; ../../SIM/SnakeTop/DotMatrix.v   ; yes             ; User Verilog HDL File  ; C:/Research/SIM/SnakeTop/DotMatrix.v ;         ;
+----------------------------------+-----------------+------------------------+--------------------------------------+---------+


+-----------------------------------------------------------+
; Analysis & Synthesis Resource Usage Summary               ;
+---------------------------------------------+-------------+
; Resource                                    ; Usage       ;
+---------------------------------------------+-------------+
; Estimate of Logic utilization (ALMs needed) ; 437         ;
;                                             ;             ;
; Combinational ALUT usage for logic          ; 570         ;
;     -- 7 input functions                    ; 0           ;
;     -- 6 input functions                    ; 300         ;
;     -- 5 input functions                    ; 73          ;
;     -- 4 input functions                    ; 48          ;
;     -- <=3 input functions                  ; 149         ;
;                                             ;             ;
; Dedicated logic registers                   ; 170         ;
;                                             ;             ;
; I/O pins                                    ; 50          ;
; Total DSP Blocks                            ; 0           ;
; Maximum fan-out node                        ; i_Clk~input ;
; Maximum fan-out                             ; 170         ;
; Total fan-out                               ; 3445        ;
; Average fan-out                             ; 4.10        ;
+---------------------------------------------+-------------+


+---------------------------------------------------------------------------------------------------------------------------------------------------------------+
; Analysis & Synthesis Resource Utilization by Entity                                                                                                           ;
+----------------------------+-------------------+--------------+-------------------+------------+------+--------------+-------------------------+--------------+
; Compilation Hierarchy Node ; LC Combinationals ; LC Registers ; Block Memory Bits ; DSP Blocks ; Pins ; Virtual Pins ; Full Hierarchy Name     ; Library Name ;
+----------------------------+-------------------+--------------+-------------------+------------+------+--------------+-------------------------+--------------+
; |SnakeTop                  ; 570 (491)         ; 170 (129)    ; 0                 ; 0          ; 50   ; 0            ; |SnakeTop               ; work         ;
;    |DotMatrix:DM0|         ; 56 (56)           ; 25 (25)      ; 0                 ; 0          ; 0    ; 0            ; |SnakeTop|DotMatrix:DM0 ; work         ;
;    |FND:FND0|              ; 7 (7)             ; 0 (0)        ; 0                 ; 0          ; 0    ; 0            ; |SnakeTop|FND:FND0      ; work         ;
;    |FND:FND1|              ; 7 (7)             ; 0 (0)        ; 0                 ; 0          ; 0    ; 0            ; |SnakeTop|FND:FND1      ; work         ;
;    |FND:FND2|              ; 7 (7)             ; 0 (0)        ; 0                 ; 0          ; 0    ; 0            ; |SnakeTop|FND:FND2      ; work         ;
;    |RandNum:RN0|           ; 2 (2)             ; 16 (16)      ; 0                 ; 0          ; 0    ; 0            ; |SnakeTop|RandNum:RN0   ; work         ;
+----------------------------+-------------------+--------------+-------------------+------------+------+--------------+-------------------------+--------------+
Note: For table entries with two numbers listed, the numbers in parentheses indicate the number of resources of the given type used by the specific entity alone. The numbers listed outside of parentheses indicate the total resources of the given type used by the specific entity and all of its sub-entities in the hierarchy.


+----------------------------------------------------------------------------------------------------+
; User-Specified and Inferred Latches                                                                ;
+-----------------------------------------------------+---------------------+------------------------+
; Latch Name                                          ; Latch Enable Signal ; Free of Timing Hazards ;
+-----------------------------------------------------+---------------------+------------------------+
; n_Matrix[0]                                         ; Mux1                ; yes                    ;
; n_Matrix[8]                                         ; Mux1                ; yes                    ;
; n_Matrix[16]                                        ; Mux1                ; yes                    ;
; n_Matrix[24]                                        ; Mux1                ; yes                    ;
; n_Matrix[32]                                        ; Mux1                ; yes                    ;
; n_Matrix[40]                                        ; Mux1                ; yes                    ;
; n_Matrix[48]                                        ; Mux1                ; yes                    ;
; n_Matrix[56]                                        ; Mux1                ; yes                    ;
; n_Matrix[1]                                         ; Mux1                ; yes                    ;
; n_Matrix[9]                                         ; Mux1                ; yes                    ;
; n_Matrix[17]                                        ; Mux1                ; yes                    ;
; n_Matrix[25]                                        ; Mux1                ; yes                    ;
; n_Matrix[33]                                        ; Mux1                ; yes                    ;
; n_Matrix[41]                                        ; Mux1                ; yes                    ;
; n_Matrix[49]                                        ; Mux1                ; yes                    ;
; n_Matrix[57]                                        ; Mux1                ; yes                    ;
; n_Matrix[2]                                         ; Mux1                ; yes                    ;
; n_Matrix[10]                                        ; Mux1                ; yes                    ;
; n_Matrix[18]                                        ; Mux1                ; yes                    ;
; n_Matrix[26]                                        ; Mux1                ; yes                    ;
; n_Matrix[34]                                        ; Mux1                ; yes                    ;
; n_Matrix[42]                                        ; Mux1                ; yes                    ;
; n_Matrix[50]                                        ; Mux1                ; yes                    ;
; n_Matrix[58]                                        ; Mux1                ; yes                    ;
; n_Matrix[3]                                         ; Mux1                ; yes                    ;
; n_Matrix[11]                                        ; Mux1                ; yes                    ;
; n_Matrix[19]                                        ; Mux1                ; yes                    ;
; n_Matrix[27]                                        ; Mux1                ; yes                    ;
; n_Matrix[35]                                        ; Mux1                ; yes                    ;
; n_Matrix[43]                                        ; Mux1                ; yes                    ;
; n_Matrix[51]                                        ; Mux1                ; yes                    ;
; n_Matrix[59]                                        ; Mux1                ; yes                    ;
; n_Matrix[4]                                         ; Mux1                ; yes                    ;
; n_Matrix[12]                                        ; Mux1                ; yes                    ;
; n_Matrix[20]                                        ; Mux1                ; yes                    ;
; n_Matrix[28]                                        ; Mux1                ; yes                    ;
; n_Matrix[36]                                        ; Mux1                ; yes                    ;
; n_Matrix[44]                                        ; Mux1                ; yes                    ;
; n_Matrix[52]                                        ; Mux1                ; yes                    ;
; n_Matrix[60]                                        ; Mux1                ; yes                    ;
; n_Matrix[5]                                         ; Mux1                ; yes                    ;
; n_Matrix[13]                                        ; Mux1                ; yes                    ;
; n_Matrix[21]                                        ; Mux1                ; yes                    ;
; n_Matrix[29]                                        ; Mux1                ; yes                    ;
; n_Matrix[37]                                        ; Mux1                ; yes                    ;
; n_Matrix[45]                                        ; Mux1                ; yes                    ;
; n_Matrix[53]                                        ; Mux1                ; yes                    ;
; n_Matrix[61]                                        ; Mux1                ; yes                    ;
; n_Matrix[6]                                         ; Mux1                ; yes                    ;
; n_Matrix[14]                                        ; Mux1                ; yes                    ;
; n_Matrix[22]                                        ; Mux1                ; yes                    ;
; n_Matrix[30]                                        ; Mux1                ; yes                    ;
; n_Matrix[38]                                        ; Mux1                ; yes                    ;
; n_Matrix[46]                                        ; Mux1                ; yes                    ;
; n_Matrix[54]                                        ; Mux1                ; yes                    ;
; n_Matrix[62]                                        ; Mux1                ; yes                    ;
; n_Matrix[7]                                         ; Mux1                ; yes                    ;
; n_Matrix[15]                                        ; Mux1                ; yes                    ;
; n_Matrix[23]                                        ; Mux1                ; yes                    ;
; n_Matrix[31]                                        ; Mux1                ; yes                    ;
; n_Matrix[39]                                        ; Mux1                ; yes                    ;
; n_Matrix[47]                                        ; Mux1                ; yes                    ;
; n_Matrix[55]                                        ; Mux1                ; yes                    ;
; n_Matrix[63]                                        ; Mux1                ; yes                    ;
; Number of user-specified and inferred latches = 64  ;                     ;                        ;
+-----------------------------------------------------+---------------------+------------------------+
Note: All latches listed above may not be present at the end of synthesis due to various synthesis optimizations.


+------------------------------------------------------------+
; Registers Removed During Synthesis                         ;
+---------------------------------------+--------------------+
; Register name                         ; Reason for Removal ;
+---------------------------------------+--------------------+
; c_Cnt[7]                              ; Lost fanout        ;
; Total Number of Removed Registers = 1 ;                    ;
+---------------------------------------+--------------------+


+------------------------------------------------------+
; General Register Statistics                          ;
+----------------------------------------------+-------+
; Statistic                                    ; Value ;
+----------------------------------------------+-------+
; Total registers                              ; 170   ;
; Number of registers using Synchronous Clear  ; 42    ;
; Number of registers using Synchronous Load   ; 1     ;
; Number of registers using Asynchronous Clear ; 106   ;
; Number of registers using Asynchronous Load  ; 0     ;
; Number of registers using Clock Enable       ; 130   ;
; Number of registers using Preset             ; 0     ;
+----------------------------------------------+-------+


+--------------------------------------------------+
; Inverted Register Statistics                     ;
+----------------------------------------+---------+
; Inverted Register                      ; Fan out ;
+----------------------------------------+---------+
; DotMatrix:DM0|c_Row[0]                 ; 10      ;
; c_Direc[0]                             ; 20      ;
; RandNum:RN0|c_LFSR[0]                  ; 3       ;
; Total number of inverted registers = 3 ;         ;
+----------------------------------------+---------+


+------------------------------------------------------------------------------------------------------------------------------------------+
; Multiplexer Restructuring Statistics (Restructuring Performed)                                                                           ;
+--------------------+-----------+---------------+----------------------+------------------------+------------+----------------------------+
; Multiplexer Inputs ; Bus Width ; Baseline Area ; Area if Restructured ; Saving if Restructured ; Registered ; Example Multiplexer Output ;
+--------------------+-----------+---------------+----------------------+------------------------+------------+----------------------------+
; 3:1                ; 22 bits   ; 44 LEs        ; 0 LEs                ; 44 LEs                 ; Yes        ; |SnakeTop|c_WaitCnt[6]     ;
; 6:1                ; 12 bits   ; 48 LEs        ; 12 LEs               ; 36 LEs                 ; Yes        ; |SnakeTop|c_center_col[0]  ;
; 8:1                ; 2 bits    ; 10 LEs        ; 4 LEs                ; 6 LEs                  ; Yes        ; |SnakeTop|c_head_col[2]    ;
; 8:1                ; 2 bits    ; 10 LEs        ; 4 LEs                ; 6 LEs                  ; Yes        ; |SnakeTop|c_head_row[1]    ;
; 12:1               ; 2 bits    ; 16 LEs        ; 10 LEs               ; 6 LEs                  ; Yes        ; |SnakeTop|c_State[2]       ;
; 9:1                ; 3 bits    ; 18 LEs        ; 15 LEs               ; 3 LEs                  ; Yes        ; |SnakeTop|c_Direc[1]       ;
; 4:1                ; 64 bits   ; 128 LEs       ; 128 LEs              ; 0 LEs                  ; No         ; |SnakeTop|Mux54            ;
+--------------------+-----------+---------------+----------------------+------------------------+------------+----------------------------+


+-----------------------------------------------------------------------------------------------------+
; Parameter Settings for User Entity Instance: Top-level Entity: |SnakeTop                            ;
+----------------+------------------------------------------------------------------+-----------------+
; Parameter Name ; Value                                                            ; Type            ;
+----------------+------------------------------------------------------------------+-----------------+
; IDLE           ; 000                                                              ; Unsigned Binary ;
; DIS_START      ; 001                                                              ; Unsigned Binary ;
; GEN_APPLE      ; 010                                                              ; Unsigned Binary ;
; CHECK_APPLE    ; 011                                                              ; Unsigned Binary ;
; DIS_MOVE       ; 100                                                              ; Unsigned Binary ;
; WAIT           ; 101                                                              ; Unsigned Binary ;
; DIS_END        ; 110                                                              ; Unsigned Binary ;
; CLEAR          ; 1111111111111111111111111111111111111111111111111111111111111111 ; Unsigned Binary ;
; GO             ; 1111111110001000011110100100101001101010100010001111111111111111 ; Unsigned Binary ;
; OVER           ; 1111111110011001100110011111111111100111110110111011110111111111 ; Unsigned Binary ;
; Up             ; 0001                                                             ; Unsigned Binary ;
; Down           ; 0010                                                             ; Unsigned Binary ;
; Left           ; 0100                                                             ; Unsigned Binary ;
; Right          ; 1000                                                             ; Unsigned Binary ;
+----------------+------------------------------------------------------------------+-----------------+
Note: In order to hide this table in the UI and the text report file, please set the "Show Parameter Settings in Synthesis Report" option in "Analysis and Synthesis Settings -> More Settings" to "Off".


+--------------------------------------------------------------------------------------------------------------------------------------------------------------------------------------------------------------+
; Port Connectivity Checks: "FND:FND1"                                                                                                                                                                         ;
+--------+-------+----------+----------------------------------------------------------------------------------------------------------------------------------------------------------------------------------+
; Port   ; Type  ; Severity ; Details                                                                                                                                                                          ;
+--------+-------+----------+----------------------------------------------------------------------------------------------------------------------------------------------------------------------------------+
; i_Data ; Input ; Warning  ; Input port expression (5 bits) is wider than the input port (4 bits) it drives.  The 1 most-significant bit(s) in the expression will be dangling if they have no other fanouts. ;
+--------+-------+----------+----------------------------------------------------------------------------------------------------------------------------------------------------------------------------------+


+---------------------------------------------+
; Port Connectivity Checks: "FND:FND0"        ;
+-----------+-------+----------+--------------+
; Port      ; Type  ; Severity ; Details      ;
+-----------+-------+----------+--------------+
; i_Data[3] ; Input ; Info     ; Stuck at GND ;
+-----------+-------+----------+--------------+


+------------------------------------------------------------------------------------------------------------------------+
; Port Connectivity Checks: "RandNum:RN0"                                                                                ;
+--------------+--------+----------+-------------------------------------------------------------------------------------+
; Port         ; Type   ; Severity ; Details                                                                             ;
+--------------+--------+----------+-------------------------------------------------------------------------------------+
; o_Num[12..3] ; Output ; Info     ; Connected to dangling logic. Logic that only feeds a dangling port will be removed. ;
+--------------+--------+----------+-------------------------------------------------------------------------------------+


+-------------------------------+
; Elapsed Time Per Partition    ;
+----------------+--------------+
; Partition Name ; Elapsed Time ;
+----------------+--------------+
; Top            ; 00:00:00     ;
+----------------+--------------+


+-------------------------------+
; Analysis & Synthesis Messages ;
+-------------------------------+
Info: *******************************************************************
Info: Running Quartus II 64-Bit Analysis & Synthesis
    Info: Version 13.1.0 Build 162 10/23/2013 SJ Web Edition
    Info: Processing started: Thu Dec 28 10:37:21 2023
Info: Command: quartus_map --read_settings_files=on --write_settings_files=off SnakeTop -c SnakeTop
Warning (20028): Parallel compilation is not licensed and has been disabled
Info (12021): Found 1 design units, including 1 entities, in source file /research/sim/snaketop/snaketop.v
    Info (12023): Found entity 1: SnakeTop
Info (12021): Found 1 design units, including 1 entities, in source file /research/sim/snaketop/randnum.v
    Info (12023): Found entity 1: RandNum
Info (12021): Found 1 design units, including 1 entities, in source file /research/sim/snaketop/fnd.v
    Info (12023): Found entity 1: FND
Info (12021): Found 1 design units, including 1 entities, in source file /research/sim/snaketop/dotmatrix.v
    Info (12023): Found entity 1: DotMatrix
Info (12127): Elaborating entity "SnakeTop" for the top level hierarchy
Warning (10230): Verilog HDL assignment warning at SnakeTop.v(149): truncated value with size 32 to match size of target (8)
Warning (10230): Verilog HDL assignment warning at SnakeTop.v(207): truncated value with size 32 to match size of target (4)
Warning (10230): Verilog HDL assignment warning at SnakeTop.v(208): truncated value with size 32 to match size of target (4)
Warning (10230): Verilog HDL assignment warning at SnakeTop.v(211): truncated value with size 32 to match size of target (4)
Warning (10230): Verilog HDL assignment warning at SnakeTop.v(212): truncated value with size 32 to match size of target (4)
Warning (10230): Verilog HDL assignment warning at SnakeTop.v(226): truncated value with size 32 to match size of target (3)
Warning (10230): Verilog HDL assignment warning at SnakeTop.v(240): truncated value with size 32 to match size of target (22)
Warning (10270): Verilog HDL Case Statement warning at SnakeTop.v(168): incomplete case statement has no default case item
Warning (10240): Verilog HDL Always Construct warning at SnakeTop.v(149): inferring latch(es) for variable "n_Matrix", which holds its previous value in one or more paths through the always construct
Warning (10240): Verilog HDL Always Construct warning at SnakeTop.v(149): inferring latch(es) for variable "i", which holds its previous value in one or more paths through the always construct
Info (10041): Inferred latch for "n_Matrix[0]" at SnakeTop.v(149)
Info (10041): Inferred latch for "n_Matrix[1]" at SnakeTop.v(149)
Info (10041): Inferred latch for "n_Matrix[2]" at SnakeTop.v(149)
Info (10041): Inferred latch for "n_Matrix[3]" at SnakeTop.v(149)
Info (10041): Inferred latch for "n_Matrix[4]" at SnakeTop.v(149)
Info (10041): Inferred latch for "n_Matrix[5]" at SnakeTop.v(149)
Info (10041): Inferred latch for "n_Matrix[6]" at SnakeTop.v(149)
Info (10041): Inferred latch for "n_Matrix[7]" at SnakeTop.v(149)
Info (10041): Inferred latch for "n_Matrix[8]" at SnakeTop.v(149)
Info (10041): Inferred latch for "n_Matrix[9]" at SnakeTop.v(149)
Info (10041): Inferred latch for "n_Matrix[10]" at SnakeTop.v(149)
Info (10041): Inferred latch for "n_Matrix[11]" at SnakeTop.v(149)
Info (10041): Inferred latch for "n_Matrix[12]" at SnakeTop.v(149)
Info (10041): Inferred latch for "n_Matrix[13]" at SnakeTop.v(149)
Info (10041): Inferred latch for "n_Matrix[14]" at SnakeTop.v(149)
Info (10041): Inferred latch for "n_Matrix[15]" at SnakeTop.v(149)
Info (10041): Inferred latch for "n_Matrix[16]" at SnakeTop.v(149)
Info (10041): Inferred latch for "n_Matrix[17]" at SnakeTop.v(149)
Info (10041): Inferred latch for "n_Matrix[18]" at SnakeTop.v(149)
Info (10041): Inferred latch for "n_Matrix[19]" at SnakeTop.v(149)
Info (10041): Inferred latch for "n_Matrix[20]" at SnakeTop.v(149)
Info (10041): Inferred latch for "n_Matrix[21]" at SnakeTop.v(149)
Info (10041): Inferred latch for "n_Matrix[22]" at SnakeTop.v(149)
Info (10041): Inferred latch for "n_Matrix[23]" at SnakeTop.v(149)
Info (10041): Inferred latch for "n_Matrix[24]" at SnakeTop.v(149)
Info (10041): Inferred latch for "n_Matrix[25]" at SnakeTop.v(149)
Info (10041): Inferred latch for "n_Matrix[26]" at SnakeTop.v(149)
Info (10041): Inferred latch for "n_Matrix[27]" at SnakeTop.v(149)
Info (10041): Inferred latch for "n_Matrix[28]" at SnakeTop.v(149)
Info (10041): Inferred latch for "n_Matrix[29]" at SnakeTop.v(149)
Info (10041): Inferred latch for "n_Matrix[30]" at SnakeTop.v(149)
Info (10041): Inferred latch for "n_Matrix[31]" at SnakeTop.v(149)
Info (10041): Inferred latch for "n_Matrix[32]" at SnakeTop.v(149)
Info (10041): Inferred latch for "n_Matrix[33]" at SnakeTop.v(149)
Info (10041): Inferred latch for "n_Matrix[34]" at SnakeTop.v(149)
Info (10041): Inferred latch for "n_Matrix[35]" at SnakeTop.v(149)
Info (10041): Inferred latch for "n_Matrix[36]" at SnakeTop.v(149)
Info (10041): Inferred latch for "n_Matrix[37]" at SnakeTop.v(149)
Info (10041): Inferred latch for "n_Matrix[38]" at SnakeTop.v(149)
Info (10041): Inferred latch for "n_Matrix[39]" at SnakeTop.v(149)
Info (10041): Inferred latch for "n_Matrix[40]" at SnakeTop.v(149)
Info (10041): Inferred latch for "n_Matrix[41]" at SnakeTop.v(149)
Info (10041): Inferred latch for "n_Matrix[42]" at SnakeTop.v(149)
Info (10041): Inferred latch for "n_Matrix[43]" at SnakeTop.v(149)
Info (10041): Inferred latch for "n_Matrix[44]" at SnakeTop.v(149)
Info (10041): Inferred latch for "n_Matrix[45]" at SnakeTop.v(149)
Info (10041): Inferred latch for "n_Matrix[46]" at SnakeTop.v(149)
Info (10041): Inferred latch for "n_Matrix[47]" at SnakeTop.v(149)
Info (10041): Inferred latch for "n_Matrix[48]" at SnakeTop.v(149)
Info (10041): Inferred latch for "n_Matrix[49]" at SnakeTop.v(149)
Info (10041): Inferred latch for "n_Matrix[50]" at SnakeTop.v(149)
Info (10041): Inferred latch for "n_Matrix[51]" at SnakeTop.v(149)
Info (10041): Inferred latch for "n_Matrix[52]" at SnakeTop.v(149)
Info (10041): Inferred latch for "n_Matrix[53]" at SnakeTop.v(149)
Info (10041): Inferred latch for "n_Matrix[54]" at SnakeTop.v(149)
Info (10041): Inferred latch for "n_Matrix[55]" at SnakeTop.v(149)
Info (10041): Inferred latch for "n_Matrix[56]" at SnakeTop.v(149)
Info (10041): Inferred latch for "n_Matrix[57]" at SnakeTop.v(149)
Info (10041): Inferred latch for "n_Matrix[58]" at SnakeTop.v(149)
Info (10041): Inferred latch for "n_Matrix[59]" at SnakeTop.v(149)
Info (10041): Inferred latch for "n_Matrix[60]" at SnakeTop.v(149)
Info (10041): Inferred latch for "n_Matrix[61]" at SnakeTop.v(149)
Info (10041): Inferred latch for "n_Matrix[62]" at SnakeTop.v(149)
Info (10041): Inferred latch for "n_Matrix[63]" at SnakeTop.v(149)
Info (12128): Elaborating entity "DotMatrix" for hierarchy "DotMatrix:DM0"
Warning (10230): Verilog HDL assignment warning at DotMatrix.v(15): truncated value with size 32 to match size of target (8)
Warning (10230): Verilog HDL assignment warning at DotMatrix.v(36): truncated value with size 32 to match size of target (17)
Info (12128): Elaborating entity "RandNum" for hierarchy "RandNum:RN0"
Warning (10230): Verilog HDL assignment warning at RandNum.v(18): truncated value with size 17 to match size of target (16)
Info (12128): Elaborating entity "FND" for hierarchy "FND:FND0"
Warning (12241): 1 hierarchies have connectivity warnings - see the Connectivity Checks report folder
Warning (13012): Latch n_Matrix[0] has unsafe behavior
    Warning (13013): Ports D and ENA on the latch are fed by the same signal c_State[2]
Warning (13012): Latch n_Matrix[8] has unsafe behavior
    Warning (13013): Ports D and ENA on the latch are fed by the same signal c_State[2]
Warning (13012): Latch n_Matrix[16] has unsafe behavior
    Warning (13013): Ports D and ENA on the latch are fed by the same signal c_State[2]
Warning (13012): Latch n_Matrix[24] has unsafe behavior
    Warning (13013): Ports D and ENA on the latch are fed by the same signal c_State[2]
Warning (13012): Latch n_Matrix[32] has unsafe behavior
    Warning (13013): Ports D and ENA on the latch are fed by the same signal c_State[2]
Warning (13012): Latch n_Matrix[40] has unsafe behavior
    Warning (13013): Ports D and ENA on the latch are fed by the same signal c_State[2]
Warning (13012): Latch n_Matrix[48] has unsafe behavior
    Warning (13013): Ports D and ENA on the latch are fed by the same signal c_State[2]
Warning (13012): Latch n_Matrix[56] has unsafe behavior
    Warning (13013): Ports D and ENA on the latch are fed by the same signal c_State[2]
Warning (13012): Latch n_Matrix[1] has unsafe behavior
    Warning (13013): Ports D and ENA on the latch are fed by the same signal c_State[2]
Warning (13012): Latch n_Matrix[9] has unsafe behavior
    Warning (13013): Ports D and ENA on the latch are fed by the same signal c_State[2]
Warning (13012): Latch n_Matrix[17] has unsafe behavior
    Warning (13013): Ports D and ENA on the latch are fed by the same signal c_State[2]
Warning (13012): Latch n_Matrix[25] has unsafe behavior
    Warning (13013): Ports D and ENA on the latch are fed by the same signal c_State[2]
Warning (13012): Latch n_Matrix[33] has unsafe behavior
    Warning (13013): Ports D and ENA on the latch are fed by the same signal c_State[2]
Warning (13012): Latch n_Matrix[41] has unsafe behavior
    Warning (13013): Ports D and ENA on the latch are fed by the same signal c_State[2]
Warning (13012): Latch n_Matrix[49] has unsafe behavior
    Warning (13013): Ports D and ENA on the latch are fed by the same signal c_State[2]
Warning (13012): Latch n_Matrix[57] has unsafe behavior
    Warning (13013): Ports D and ENA on the latch are fed by the same signal c_State[2]
Warning (13012): Latch n_Matrix[2] has unsafe behavior
    Warning (13013): Ports D and ENA on the latch are fed by the same signal c_State[2]
Warning (13012): Latch n_Matrix[10] has unsafe behavior
    Warning (13013): Ports D and ENA on the latch are fed by the same signal c_State[2]
Warning (13012): Latch n_Matrix[18] has unsafe behavior
    Warning (13013): Ports D and ENA on the latch are fed by the same signal c_State[2]
Warning (13012): Latch n_Matrix[26] has unsafe behavior
    Warning (13013): Ports D and ENA on the latch are fed by the same signal c_State[2]
Warning (13012): Latch n_Matrix[34] has unsafe behavior
    Warning (13013): Ports D and ENA on the latch are fed by the same signal c_State[2]
Warning (13012): Latch n_Matrix[42] has unsafe behavior
    Warning (13013): Ports D and ENA on the latch are fed by the same signal c_State[2]
Warning (13012): Latch n_Matrix[50] has unsafe behavior
    Warning (13013): Ports D and ENA on the latch are fed by the same signal c_State[2]
Warning (13012): Latch n_Matrix[58] has unsafe behavior
    Warning (13013): Ports D and ENA on the latch are fed by the same signal c_State[2]
Warning (13012): Latch n_Matrix[3] has unsafe behavior
    Warning (13013): Ports D and ENA on the latch are fed by the same signal c_State[2]
Warning (13012): Latch n_Matrix[11] has unsafe behavior
    Warning (13013): Ports D and ENA on the latch are fed by the same signal c_State[2]
Warning (13012): Latch n_Matrix[19] has unsafe behavior
    Warning (13013): Ports D and ENA on the latch are fed by the same signal c_State[2]
Warning (13012): Latch n_Matrix[27] has unsafe behavior
    Warning (13013): Ports D and ENA on the latch are fed by the same signal c_State[2]
Warning (13012): Latch n_Matrix[35] has unsafe behavior
    Warning (13013): Ports D and ENA on the latch are fed by the same signal c_State[2]
Warning (13012): Latch n_Matrix[43] has unsafe behavior
    Warning (13013): Ports D and ENA on the latch are fed by the same signal c_State[2]
Warning (13012): Latch n_Matrix[51] has unsafe behavior
    Warning (13013): Ports D and ENA on the latch are fed by the same signal c_State[2]
Warning (13012): Latch n_Matrix[59] has unsafe behavior
    Warning (13013): Ports D and ENA on the latch are fed by the same signal c_State[2]
Warning (13012): Latch n_Matrix[4] has unsafe behavior
    Warning (13013): Ports D and ENA on the latch are fed by the same signal c_State[2]
Warning (13012): Latch n_Matrix[12] has unsafe behavior
    Warning (13013): Ports D and ENA on the latch are fed by the same signal c_State[2]
Warning (13012): Latch n_Matrix[20] has unsafe behavior
    Warning (13013): Ports D and ENA on the latch are fed by the same signal c_State[2]
Warning (13012): Latch n_Matrix[28] has unsafe behavior
    Warning (13013): Ports D and ENA on the latch are fed by the same signal c_State[2]
Warning (13012): Latch n_Matrix[36] has unsafe behavior
    Warning (13013): Ports D and ENA on the latch are fed by the same signal c_State[2]
Warning (13012): Latch n_Matrix[44] has unsafe behavior
    Warning (13013): Ports D and ENA on the latch are fed by the same signal c_State[2]
Warning (13012): Latch n_Matrix[52] has unsafe behavior
    Warning (13013): Ports D and ENA on the latch are fed by the same signal c_State[2]
Warning (13012): Latch n_Matrix[60] has unsafe behavior
    Warning (13013): Ports D and ENA on the latch are fed by the same signal c_State[2]
Warning (13012): Latch n_Matrix[5] has unsafe behavior
    Warning (13013): Ports D and ENA on the latch are fed by the same signal c_State[2]
Warning (13012): Latch n_Matrix[13] has unsafe behavior
    Warning (13013): Ports D and ENA on the latch are fed by the same signal c_State[2]
Warning (13012): Latch n_Matrix[21] has unsafe behavior
    Warning (13013): Ports D and ENA on the latch are fed by the same signal c_State[2]
Warning (13012): Latch n_Matrix[29] has unsafe behavior
    Warning (13013): Ports D and ENA on the latch are fed by the same signal c_State[2]
Warning (13012): Latch n_Matrix[37] has unsafe behavior
    Warning (13013): Ports D and ENA on the latch are fed by the same signal c_State[2]
Warning (13012): Latch n_Matrix[45] has unsafe behavior
    Warning (13013): Ports D and ENA on the latch are fed by the same signal c_State[2]
Warning (13012): Latch n_Matrix[53] has unsafe behavior
    Warning (13013): Ports D and ENA on the latch are fed by the same signal c_State[2]
Warning (13012): Latch n_Matrix[61] has unsafe behavior
    Warning (13013): Ports D and ENA on the latch are fed by the same signal c_State[2]
Warning (13012): Latch n_Matrix[6] has unsafe behavior
    Warning (13013): Ports D and ENA on the latch are fed by the same signal c_State[2]
Warning (13012): Latch n_Matrix[14] has unsafe behavior
    Warning (13013): Ports D and ENA on the latch are fed by the same signal c_State[2]
Warning (13012): Latch n_Matrix[22] has unsafe behavior
    Warning (13013): Ports D and ENA on the latch are fed by the same signal c_State[2]
Warning (13012): Latch n_Matrix[30] has unsafe behavior
    Warning (13013): Ports D and ENA on the latch are fed by the same signal c_State[2]
Warning (13012): Latch n_Matrix[38] has unsafe behavior
    Warning (13013): Ports D and ENA on the latch are fed by the same signal c_State[2]
Warning (13012): Latch n_Matrix[46] has unsafe behavior
    Warning (13013): Ports D and ENA on the latch are fed by the same signal c_State[2]
Warning (13012): Latch n_Matrix[54] has unsafe behavior
    Warning (13013): Ports D and ENA on the latch are fed by the same signal c_State[2]
Warning (13012): Latch n_Matrix[62] has unsafe behavior
    Warning (13013): Ports D and ENA on the latch are fed by the same signal c_State[2]
Warning (13012): Latch n_Matrix[7] has unsafe behavior
    Warning (13013): Ports D and ENA on the latch are fed by the same signal c_State[2]
Warning (13012): Latch n_Matrix[15] has unsafe behavior
    Warning (13013): Ports D and ENA on the latch are fed by the same signal c_State[2]
Warning (13012): Latch n_Matrix[23] has unsafe behavior
    Warning (13013): Ports D and ENA on the latch are fed by the same signal c_State[2]
Warning (13012): Latch n_Matrix[31] has unsafe behavior
    Warning (13013): Ports D and ENA on the latch are fed by the same signal c_State[2]
Warning (13012): Latch n_Matrix[39] has unsafe behavior
    Warning (13013): Ports D and ENA on the latch are fed by the same signal c_State[2]
Warning (13012): Latch n_Matrix[47] has unsafe behavior
    Warning (13013): Ports D and ENA on the latch are fed by the same signal c_State[2]
Warning (13012): Latch n_Matrix[55] has unsafe behavior
    Warning (13013): Ports D and ENA on the latch are fed by the same signal c_State[2]
Warning (13012): Latch n_Matrix[63] has unsafe behavior
    Warning (13013): Ports D and ENA on the latch are fed by the same signal c_State[2]
Info (286030): Timing-Driven Synthesis is running
Info (17049): 1 registers lost all their fanouts during netlist optimizations.
Info (16010): Generating hard_block partition "hard_block:auto_generated_inst"
    Info (16011): Adding 0 node(s), including 0 DDIO, 0 PLL, 0 transceiver and 0 LCELL
Info (21057): Implemented 709 device resources after synthesis - the final resource count might be different
    Info (21058): Implemented 7 input pins
    Info (21059): Implemented 43 output pins
    Info (21061): Implemented 659 logic cells
Info: Quartus II 64-Bit Analysis & Synthesis was successful. 0 errors, 143 warnings
    Info: Peak virtual memory: 4672 megabytes
    Info: Processing ended: Thu Dec 28 10:37:22 2023
    Info: Elapsed time: 00:00:01
    Info: Total CPU time (on all processors): 00:00:01


