Analysis & Synthesis report for DES_Top
Thu Nov 30 14:03:33 2023
Quartus II 64-Bit Version 13.1.0 Build 162 10/23/2013 SJ Web Edition


---------------------
; Table of Contents ;
---------------------
  1. Legal Notice
  2. Analysis & Synthesis Summary
  3. Analysis & Synthesis Settings
  4. Parallel Compilation
  5. Analysis & Synthesis Source Files Read
  6. Analysis & Synthesis Resource Usage Summary
  7. Analysis & Synthesis Resource Utilization by Entity
  8. State Machine - |DES_Top|c_State
  9. State Machine - |DES_Top|UART_TX:TX0|c_State
 10. State Machine - |DES_Top|UART_RX:RX0|c_State
 11. Registers Removed During Synthesis
 12. General Register Statistics
 13. Multiplexer Restructuring Statistics (Restructuring Performed)
 14. Parameter Settings for User Entity Instance: Top-level Entity: |DES_Top
 15. Parameter Settings for User Entity Instance: UART_RX:RX0
 16. Parameter Settings for User Entity Instance: UART_TX:TX0
 17. Parameter Settings for User Entity Instance: DES:DES0
 18. Elapsed Time Per Partition
 19. Analysis & Synthesis Messages



----------------
; Legal Notice ;
----------------
Copyright (C) 1991-2013 Altera Corporation
Your use of Altera Corporation's design tools, logic functions 
and other software and tools, and its AMPP partner logic 
functions, and any output files from any of the foregoing 
(including device programming or simulation files), and any 
associated documentation or information are expressly subject 
to the terms and conditions of the Altera Program License 
Subscription Agreement, Altera MegaCore Function License 
Agreement, or other applicable license agreement, including, 
without limitation, that your use is for the sole purpose of 
programming logic devices manufactured by Altera and sold by 
Altera or its authorized distributors.  Please refer to the 
applicable agreement for further details.



+------------------------------------------------------------------------------+
; Analysis & Synthesis Summary                                                 ;
+---------------------------------+--------------------------------------------+
; Analysis & Synthesis Status     ; Successful - Thu Nov 30 14:03:33 2023      ;
; Quartus II 64-Bit Version       ; 13.1.0 Build 162 10/23/2013 SJ Web Edition ;
; Revision Name                   ; DES_Top                                    ;
; Top-level Entity Name           ; DES_Top                                    ;
; Family                          ; Cyclone V                                  ;
; Logic utilization (in ALMs)     ; N/A                                        ;
; Total registers                 ; 330                                        ;
; Total pins                      ; 12                                         ;
; Total virtual pins              ; 0                                          ;
; Total block memory bits         ; 0                                          ;
; Total DSP Blocks                ; 0                                          ;
; Total HSSI RX PCSs              ; 0                                          ;
; Total HSSI PMA RX Deserializers ; 0                                          ;
; Total HSSI TX PCSs              ; 0                                          ;
; Total HSSI TX Channels          ; 0                                          ;
; Total PLLs                      ; 0                                          ;
; Total DLLs                      ; 0                                          ;
+---------------------------------+--------------------------------------------+


+---------------------------------------------------------------------------------------------------------------------------+
; Analysis & Synthesis Settings                                                                                             ;
+---------------------------------------------------------------------------------+--------------------+--------------------+
; Option                                                                          ; Setting            ; Default Value      ;
+---------------------------------------------------------------------------------+--------------------+--------------------+
; Device                                                                          ; 5CSEMA5F31C6       ;                    ;
; Top-level entity name                                                           ; DES_Top            ; DES_Top            ;
; Family name                                                                     ; Cyclone V          ; Cyclone IV GX      ;
; Use smart compilation                                                           ; Off                ; Off                ;
; Enable parallel Assembler and TimeQuest Timing Analyzer during compilation      ; On                 ; On                 ;
; Enable compact report table                                                     ; Off                ; Off                ;
; Restructure Multiplexers                                                        ; Auto               ; Auto               ;
; MLAB Add Timing Constraints For Mixed-Port Feed-Through Mode Setting Don't Care ; Off                ; Off                ;
; Create Debugging Nodes for IP Cores                                             ; Off                ; Off                ;
; Preserve fewer node names                                                       ; On                 ; On                 ;
; Disable OpenCore Plus hardware evaluation                                       ; Off                ; Off                ;
; Verilog Version                                                                 ; Verilog_2001       ; Verilog_2001       ;
; VHDL Version                                                                    ; VHDL_1993          ; VHDL_1993          ;
; State Machine Processing                                                        ; Auto               ; Auto               ;
; Safe State Machine                                                              ; Off                ; Off                ;
; Extract Verilog State Machines                                                  ; On                 ; On                 ;
; Extract VHDL State Machines                                                     ; On                 ; On                 ;
; Ignore Verilog initial constructs                                               ; Off                ; Off                ;
; Iteration limit for constant Verilog loops                                      ; 5000               ; 5000               ;
; Iteration limit for non-constant Verilog loops                                  ; 250                ; 250                ;
; Add Pass-Through Logic to Inferred RAMs                                         ; On                 ; On                 ;
; Infer RAMs from Raw Logic                                                       ; On                 ; On                 ;
; Parallel Synthesis                                                              ; On                 ; On                 ;
; DSP Block Balancing                                                             ; Auto               ; Auto               ;
; NOT Gate Push-Back                                                              ; On                 ; On                 ;
; Power-Up Don't Care                                                             ; On                 ; On                 ;
; Remove Redundant Logic Cells                                                    ; Off                ; Off                ;
; Remove Duplicate Registers                                                      ; On                 ; On                 ;
; Ignore CARRY Buffers                                                            ; Off                ; Off                ;
; Ignore CASCADE Buffers                                                          ; Off                ; Off                ;
; Ignore GLOBAL Buffers                                                           ; Off                ; Off                ;
; Ignore ROW GLOBAL Buffers                                                       ; Off                ; Off                ;
; Ignore LCELL Buffers                                                            ; Off                ; Off                ;
; Ignore SOFT Buffers                                                             ; On                 ; On                 ;
; Limit AHDL Integers to 32 Bits                                                  ; Off                ; Off                ;
; Optimization Technique                                                          ; Balanced           ; Balanced           ;
; Carry Chain Length                                                              ; 70                 ; 70                 ;
; Auto Carry Chains                                                               ; On                 ; On                 ;
; Auto Open-Drain Pins                                                            ; On                 ; On                 ;
; Perform WYSIWYG Primitive Resynthesis                                           ; Off                ; Off                ;
; Auto ROM Replacement                                                            ; On                 ; On                 ;
; Auto RAM Replacement                                                            ; On                 ; On                 ;
; Auto DSP Block Replacement                                                      ; On                 ; On                 ;
; Auto Shift Register Replacement                                                 ; Auto               ; Auto               ;
; Allow Shift Register Merging across Hierarchies                                 ; Auto               ; Auto               ;
; Auto Clock Enable Replacement                                                   ; On                 ; On                 ;
; Strict RAM Replacement                                                          ; Off                ; Off                ;
; Allow Synchronous Control Signals                                               ; On                 ; On                 ;
; Force Use of Synchronous Clear Signals                                          ; Off                ; Off                ;
; Auto Resource Sharing                                                           ; Off                ; Off                ;
; Allow Any RAM Size For Recognition                                              ; Off                ; Off                ;
; Allow Any ROM Size For Recognition                                              ; Off                ; Off                ;
; Allow Any Shift Register Size For Recognition                                   ; Off                ; Off                ;
; Use LogicLock Constraints during Resource Balancing                             ; On                 ; On                 ;
; Ignore translate_off and synthesis_off directives                               ; Off                ; Off                ;
; Timing-Driven Synthesis                                                         ; On                 ; On                 ;
; Report Parameter Settings                                                       ; On                 ; On                 ;
; Report Source Assignments                                                       ; On                 ; On                 ;
; Report Connectivity Checks                                                      ; On                 ; On                 ;
; Ignore Maximum Fan-Out Assignments                                              ; Off                ; Off                ;
; Synchronization Register Chain Length                                           ; 3                  ; 3                  ;
; PowerPlay Power Optimization                                                    ; Normal compilation ; Normal compilation ;
; HDL message level                                                               ; Level2             ; Level2             ;
; Suppress Register Optimization Related Messages                                 ; Off                ; Off                ;
; Number of Removed Registers Reported in Synthesis Report                        ; 5000               ; 5000               ;
; Number of Swept Nodes Reported in Synthesis Report                              ; 5000               ; 5000               ;
; Number of Inverted Registers Reported in Synthesis Report                       ; 100                ; 100                ;
; Clock MUX Protection                                                            ; On                 ; On                 ;
; Auto Gated Clock Conversion                                                     ; Off                ; Off                ;
; Block Design Naming                                                             ; Auto               ; Auto               ;
; SDC constraint protection                                                       ; Off                ; Off                ;
; Synthesis Effort                                                                ; Auto               ; Auto               ;
; Shift Register Replacement - Allow Asynchronous Clear Signal                    ; On                 ; On                 ;
; Pre-Mapping Resynthesis Optimization                                            ; Off                ; Off                ;
; Analysis & Synthesis Message Level                                              ; Medium             ; Medium             ;
; Disable Register Merging Across Hierarchies                                     ; Auto               ; Auto               ;
; Resource Aware Inference For Block RAM                                          ; On                 ; On                 ;
; Synthesis Seed                                                                  ; 1                  ; 1                  ;
; Automatic Parallel Synthesis                                                    ; On                 ; On                 ;
+---------------------------------------------------------------------------------+--------------------+--------------------+


Parallel compilation was disabled, but you have multiple processors available. Enable parallel compilation to reduce compilation time.
+-------------------------------------+
; Parallel Compilation                ;
+----------------------------+--------+
; Processors                 ; Number ;
+----------------------------+--------+
; Number detected on machine ; 8      ;
; Maximum allowed            ; 1      ;
+----------------------------+--------+


+---------------------------------------------------------------------------------------------------------------------------+
; Analysis & Synthesis Source Files Read                                                                                    ;
+----------------------------------+-----------------+------------------------+-----------------------------------+---------+
; File Name with User-Entered Path ; Used in Netlist ; File Type              ; File Name with Absolute Path      ; Library ;
+----------------------------------+-----------------+------------------------+-----------------------------------+---------+
; ../../SIM/DES_Top/UART_TX.v      ; yes             ; User Verilog HDL File  ; C:/Research/SIM/DES_Top/UART_TX.v ;         ;
; ../../SIM/DES_Top/UART_RX.v      ; yes             ; User Verilog HDL File  ; C:/Research/SIM/DES_Top/UART_RX.v ;         ;
; ../../SIM/DES_Top/SBOX.v         ; yes             ; User Verilog HDL File  ; C:/Research/SIM/DES_Top/SBOX.v    ;         ;
; ../../SIM/DES_Top/ROL.v          ; yes             ; User Verilog HDL File  ; C:/Research/SIM/DES_Top/ROL.v     ;         ;
; ../../SIM/DES_Top/PC2.v          ; yes             ; User Verilog HDL File  ; C:/Research/SIM/DES_Top/PC2.v     ;         ;
; ../../SIM/DES_Top/PC1.v          ; yes             ; User Verilog HDL File  ; C:/Research/SIM/DES_Top/PC1.v     ;         ;
; ../../SIM/DES_Top/P_Table.v      ; yes             ; User Verilog HDL File  ; C:/Research/SIM/DES_Top/P_Table.v ;         ;
; ../../SIM/DES_Top/IP.v           ; yes             ; User Verilog HDL File  ; C:/Research/SIM/DES_Top/IP.v      ;         ;
; ../../SIM/DES_Top/InvIP.v        ; yes             ; User Verilog HDL File  ; C:/Research/SIM/DES_Top/InvIP.v   ;         ;
; ../../SIM/DES_Top/E_Table.v      ; yes             ; User Verilog HDL File  ; C:/Research/SIM/DES_Top/E_Table.v ;         ;
; ../../SIM/DES_Top/DES_Top.v      ; yes             ; User Verilog HDL File  ; C:/Research/SIM/DES_Top/DES_Top.v ;         ;
; ../../SIM/DES_Top/DES.v          ; yes             ; User Verilog HDL File  ; C:/Research/SIM/DES_Top/DES.v     ;         ;
+----------------------------------+-----------------+------------------------+-----------------------------------+---------+


+-----------------------------------------------------------+
; Analysis & Synthesis Resource Usage Summary               ;
+---------------------------------------------+-------------+
; Resource                                    ; Usage       ;
+---------------------------------------------+-------------+
; Estimate of Logic utilization (ALMs needed) ; 285         ;
;                                             ;             ;
; Combinational ALUT usage for logic          ; 357         ;
;     -- 7 input functions                    ; 0           ;
;     -- 6 input functions                    ; 108         ;
;     -- 5 input functions                    ; 86          ;
;     -- 4 input functions                    ; 26          ;
;     -- <=3 input functions                  ; 137         ;
;                                             ;             ;
; Dedicated logic registers                   ; 330         ;
;                                             ;             ;
; I/O pins                                    ; 12          ;
; Total DSP Blocks                            ; 0           ;
; Maximum fan-out node                        ; i_Clk~input ;
; Maximum fan-out                             ; 330         ;
; Total fan-out                               ; 3038        ;
; Average fan-out                             ; 4.27        ;
+---------------------------------------------+-------------+


+--------------------------------------------------------------------------------------------------------------------------------------------------------------------+
; Analysis & Synthesis Resource Utilization by Entity                                                                                                                ;
+----------------------------+-------------------+--------------+-------------------+------------+------+--------------+------------------------------+--------------+
; Compilation Hierarchy Node ; LC Combinationals ; LC Registers ; Block Memory Bits ; DSP Blocks ; Pins ; Virtual Pins ; Full Hierarchy Name          ; Library Name ;
+----------------------------+-------------------+--------------+-------------------+------------+------+--------------+------------------------------+--------------+
; |DES_Top                   ; 357 (27)          ; 330 (132)    ; 0                 ; 0          ; 12   ; 0            ; |DES_Top                     ; work         ;
;    |DES:DES0|              ; 242 (202)         ; 126 (126)    ; 0                 ; 0          ; 0    ; 0            ; |DES_Top|DES:DES0            ; work         ;
;       |SBOX:SBOX0|         ; 40 (40)           ; 0 (0)        ; 0                 ; 0          ; 0    ; 0            ; |DES_Top|DES:DES0|SBOX:SBOX0 ; work         ;
;    |UART_RX:RX0|           ; 41 (41)           ; 36 (36)      ; 0                 ; 0          ; 0    ; 0            ; |DES_Top|UART_RX:RX0         ; work         ;
;    |UART_TX:TX0|           ; 47 (47)           ; 36 (36)      ; 0                 ; 0          ; 0    ; 0            ; |DES_Top|UART_TX:TX0         ; work         ;
+----------------------------+-------------------+--------------+-------------------+------------+------+--------------+------------------------------+--------------+
Note: For table entries with two numbers listed, the numbers in parentheses indicate the number of resources of the given type used by the specific entity alone. The numbers listed outside of parentheses indicate the total resources of the given type used by the specific entity and all of its sub-entities in the hierarchy.


Encoding Type:  One-Hot
+-----------------------------------------------------------------------------------------------------------------------------------------------+
; State Machine - |DES_Top|c_State                                                                                                              ;
+-------------------+-----------------+----------------+------------------+-------------------+----------------+-----------------+--------------+
; Name              ; c_State.TX_TEXT ; c_State.TX_RES ; c_State.WAIT_DES ; c_State.START_DES ; c_State.RX_KEY ; c_State.RX_TEXT ; c_State.IDLE ;
+-------------------+-----------------+----------------+------------------+-------------------+----------------+-----------------+--------------+
; c_State.IDLE      ; 0               ; 0              ; 0                ; 0                 ; 0              ; 0               ; 0            ;
; c_State.RX_TEXT   ; 0               ; 0              ; 0                ; 0                 ; 0              ; 1               ; 1            ;
; c_State.RX_KEY    ; 0               ; 0              ; 0                ; 0                 ; 1              ; 0               ; 1            ;
; c_State.START_DES ; 0               ; 0              ; 0                ; 1                 ; 0              ; 0               ; 1            ;
; c_State.WAIT_DES  ; 0               ; 0              ; 1                ; 0                 ; 0              ; 0               ; 1            ;
; c_State.TX_RES    ; 0               ; 1              ; 0                ; 0                 ; 0              ; 0               ; 1            ;
; c_State.TX_TEXT   ; 1               ; 0              ; 0                ; 0                 ; 0              ; 0               ; 1            ;
+-------------------+-----------------+----------------+------------------+-------------------+----------------+-----------------+--------------+


Encoding Type:  One-Hot
+----------------------------------------------------------------------------------------+
; State Machine - |DES_Top|UART_TX:TX0|c_State                                           ;
+------------------+-----------------+-----------------+------------------+--------------+
; Name             ; c_State.TX_DONE ; c_State.TX_DATA ; c_State.TX_START ; c_State.IDLE ;
+------------------+-----------------+-----------------+------------------+--------------+
; c_State.IDLE     ; 0               ; 0               ; 0                ; 0            ;
; c_State.TX_START ; 0               ; 0               ; 1                ; 1            ;
; c_State.TX_DATA  ; 0               ; 1               ; 0                ; 1            ;
; c_State.TX_DONE  ; 1               ; 0               ; 0                ; 1            ;
+------------------+-----------------+-----------------+------------------+--------------+


Encoding Type:  One-Hot
+----------------------------------------------------------------------------------------+
; State Machine - |DES_Top|UART_RX:RX0|c_State                                           ;
+------------------+-----------------+-----------------+------------------+--------------+
; Name             ; c_State.RX_STOP ; c_State.RX_DATA ; c_State.RX_START ; c_State.IDLE ;
+------------------+-----------------+-----------------+------------------+--------------+
; c_State.IDLE     ; 0               ; 0               ; 0                ; 0            ;
; c_State.RX_START ; 0               ; 0               ; 1                ; 1            ;
; c_State.RX_DATA  ; 0               ; 1               ; 0                ; 1            ;
; c_State.RX_STOP  ; 1               ; 0               ; 0                ; 1            ;
+------------------+-----------------+-----------------+------------------+--------------+


+------------------------------------------------------------+
; Registers Removed During Synthesis                         ;
+---------------------------------------+--------------------+
; Register name                         ; Reason for Removal ;
+---------------------------------------+--------------------+
; c_State~4                             ; Lost fanout        ;
; c_State~5                             ; Lost fanout        ;
; c_State~6                             ; Lost fanout        ;
; UART_TX:TX0|c_State~4                 ; Lost fanout        ;
; UART_TX:TX0|c_State~5                 ; Lost fanout        ;
; UART_RX:RX0|c_State~4                 ; Lost fanout        ;
; UART_RX:RX0|c_State~5                 ; Lost fanout        ;
; Total Number of Removed Registers = 7 ;                    ;
+---------------------------------------+--------------------+


+------------------------------------------------------+
; General Register Statistics                          ;
+----------------------------------------------+-------+
; Statistic                                    ; Value ;
+----------------------------------------------+-------+
; Total registers                              ; 330   ;
; Number of registers using Synchronous Clear  ; 163   ;
; Number of registers using Synchronous Load   ; 128   ;
; Number of registers using Asynchronous Clear ; 330   ;
; Number of registers using Asynchronous Load  ; 0     ;
; Number of registers using Clock Enable       ; 146   ;
; Number of registers using Preset             ; 0     ;
+----------------------------------------------+-------+


+--------------------------------------------------------------------------------------------------------------------------------------------------+
; Multiplexer Restructuring Statistics (Restructuring Performed)                                                                                   ;
+--------------------+-----------+---------------+----------------------+------------------------+------------+------------------------------------+
; Multiplexer Inputs ; Bus Width ; Baseline Area ; Area if Restructured ; Saving if Restructured ; Registered ; Example Multiplexer Output         ;
+--------------------+-----------+---------------+----------------------+------------------------+------------+------------------------------------+
; 3:1                ; 3 bits    ; 6 LEs         ; 3 LEs                ; 3 LEs                  ; Yes        ; |DES_Top|UART_TX:TX0|c_BitCnt[2]   ;
; 3:1                ; 3 bits    ; 6 LEs         ; 3 LEs                ; 3 LEs                  ; Yes        ; |DES_Top|UART_RX:RX0|c_BitCnt[0]   ;
; 5:1                ; 64 bits   ; 192 LEs       ; 0 LEs                ; 192 LEs                ; Yes        ; |DES_Top|DES:DES0|c_R[10]          ;
; 4:1                ; 5 bits    ; 10 LEs        ; 10 LEs               ; 0 LEs                  ; Yes        ; |DES_Top|UART_TX:TX0|c_Data[3]     ;
; 4:1                ; 2 bits    ; 4 LEs         ; 4 LEs                ; 0 LEs                  ; Yes        ; |DES_Top|UART_TX:TX0|c_Data[1]     ;
; 5:1                ; 3 bits    ; 9 LEs         ; 3 LEs                ; 6 LEs                  ; Yes        ; |DES_Top|c_ByteCnt[2]              ;
; 8:1                ; 56 bits   ; 280 LEs       ; 224 LEs              ; 56 LEs                 ; Yes        ; |DES_Top|DES:DES0|c_C[0]           ;
; 7:1                ; 64 bits   ; 256 LEs       ; 0 LEs                ; 256 LEs                ; Yes        ; |DES_Top|c_Text[1]                 ;
; 4:1                ; 4 bits    ; 8 LEs         ; 8 LEs                ; 0 LEs                  ; No         ; |DES_Top|DES:DES0|SBOX:SBOX0|Mux24 ;
; 4:1                ; 4 bits    ; 8 LEs         ; 8 LEs                ; 0 LEs                  ; No         ; |DES_Top|DES:DES0|SBOX:SBOX0|Mux0  ;
; 4:1                ; 4 bits    ; 8 LEs         ; 8 LEs                ; 0 LEs                  ; No         ; |DES_Top|DES:DES0|SBOX:SBOX0|Mux18 ;
; 3:1                ; 2 bits    ; 4 LEs         ; 4 LEs                ; 0 LEs                  ; No         ; |DES_Top|DES:DES0|SBOX:SBOX0|Mux12 ;
; 3:1                ; 2 bits    ; 4 LEs         ; 4 LEs                ; 0 LEs                  ; No         ; |DES_Top|DES:DES0|SBOX:SBOX0|Mux14 ;
; 4:1                ; 4 bits    ; 8 LEs         ; 8 LEs                ; 0 LEs                  ; No         ; |DES_Top|DES:DES0|SBOX:SBOX0|Mux29 ;
; 4:1                ; 4 bits    ; 8 LEs         ; 8 LEs                ; 0 LEs                  ; No         ; |DES_Top|DES:DES0|SBOX:SBOX0|Mux4  ;
; 4:1                ; 4 bits    ; 8 LEs         ; 8 LEs                ; 0 LEs                  ; No         ; |DES_Top|DES:DES0|SBOX:SBOX0|Mux9  ;
; 4:1                ; 4 bits    ; 8 LEs         ; 8 LEs                ; 0 LEs                  ; No         ; |DES_Top|DES:DES0|SBOX:SBOX0|Mux23 ;
; 6:1                ; 2 bits    ; 8 LEs         ; 4 LEs                ; 4 LEs                  ; No         ; |DES_Top|UART_TX:TX0|Selector1     ;
; 8:1                ; 2 bits    ; 10 LEs        ; 4 LEs                ; 6 LEs                  ; No         ; |DES_Top|UART_TX:TX0|Selector0     ;
; 8:1                ; 4 bits    ; 20 LEs        ; 16 LEs               ; 4 LEs                  ; No         ; |DES_Top|UART_RX:RX0|Selector3     ;
; 11:1               ; 2 bits    ; 14 LEs        ; 4 LEs                ; 10 LEs                 ; No         ; |DES_Top|Selector1                 ;
; 11:1               ; 2 bits    ; 14 LEs        ; 6 LEs                ; 8 LEs                  ; No         ; |DES_Top|Selector0                 ;
; 13:1               ; 2 bits    ; 16 LEs        ; 6 LEs                ; 10 LEs                 ; No         ; |DES_Top|Selector3                 ;
+--------------------+-----------+---------------+----------------------+------------------------+------------+------------------------------------+


+-------------------------------------------------------------------------+
; Parameter Settings for User Entity Instance: Top-level Entity: |DES_Top ;
+----------------+-------+------------------------------------------------+
; Parameter Name ; Value ; Type                                           ;
+----------------+-------+------------------------------------------------+
; IDLE           ; 000   ; Unsigned Binary                                ;
; RX_TEXT        ; 001   ; Unsigned Binary                                ;
; RX_KEY         ; 010   ; Unsigned Binary                                ;
; START_DES      ; 011   ; Unsigned Binary                                ;
; WAIT_DES       ; 100   ; Unsigned Binary                                ;
; TX_RES         ; 101   ; Unsigned Binary                                ;
; TX_TEXT        ; 110   ; Unsigned Binary                                ;
+----------------+-------+------------------------------------------------+
Note: In order to hide this table in the UI and the text report file, please set the "Show Parameter Settings in Synthesis Report" option in "Analysis and Synthesis Settings -> More Settings" to "Off".


+----------------------------------------------------------+
; Parameter Settings for User Entity Instance: UART_RX:RX0 ;
+----------------+-------+---------------------------------+
; Parameter Name ; Value ; Type                            ;
+----------------+-------+---------------------------------+
; CYCLES_PER_BIT ; 434   ; Signed Integer                  ;
; IDLE           ; 00    ; Unsigned Binary                 ;
; RX_START       ; 01    ; Unsigned Binary                 ;
; RX_DATA        ; 10    ; Unsigned Binary                 ;
; RX_STOP        ; 11    ; Unsigned Binary                 ;
+----------------+-------+---------------------------------+
Note: In order to hide this table in the UI and the text report file, please set the "Show Parameter Settings in Synthesis Report" option in "Analysis and Synthesis Settings -> More Settings" to "Off".


+----------------------------------------------------------+
; Parameter Settings for User Entity Instance: UART_TX:TX0 ;
+----------------+-------+---------------------------------+
; Parameter Name ; Value ; Type                            ;
+----------------+-------+---------------------------------+
; CYCLES_PER_BIT ; 434   ; Signed Integer                  ;
; IDLE           ; 00    ; Unsigned Binary                 ;
; TX_START       ; 01    ; Unsigned Binary                 ;
; TX_DATA        ; 10    ; Unsigned Binary                 ;
; TX_DONE        ; 11    ; Unsigned Binary                 ;
+----------------+-------+---------------------------------+
Note: In order to hide this table in the UI and the text report file, please set the "Show Parameter Settings in Synthesis Report" option in "Analysis and Synthesis Settings -> More Settings" to "Off".


+-------------------------------------------------------+
; Parameter Settings for User Entity Instance: DES:DES0 ;
+----------------+-------+------------------------------+
; Parameter Name ; Value ; Type                         ;
+----------------+-------+------------------------------+
; IDLE           ; 00    ; Unsigned Binary              ;
; ENC            ; 01    ; Unsigned Binary              ;
; DEC            ; 10    ; Unsigned Binary              ;
; DONE           ; 11    ; Unsigned Binary              ;
+----------------+-------+------------------------------+
Note: In order to hide this table in the UI and the text report file, please set the "Show Parameter Settings in Synthesis Report" option in "Analysis and Synthesis Settings -> More Settings" to "Off".


+-------------------------------+
; Elapsed Time Per Partition    ;
+----------------+--------------+
; Partition Name ; Elapsed Time ;
+----------------+--------------+
; Top            ; 00:00:00     ;
+----------------+--------------+


+-------------------------------+
; Analysis & Synthesis Messages ;
+-------------------------------+
Info: *******************************************************************
Info: Running Quartus II 64-Bit Analysis & Synthesis
    Info: Version 13.1.0 Build 162 10/23/2013 SJ Web Edition
    Info: Processing started: Thu Nov 30 14:03:30 2023
Info: Command: quartus_map --read_settings_files=on --write_settings_files=off DES_Top -c DES_Top
Warning (20028): Parallel compilation is not licensed and has been disabled
Info (12021): Found 1 design units, including 1 entities, in source file /research/sim/des_top/uart_tx.v
    Info (12023): Found entity 1: UART_TX
Info (12021): Found 1 design units, including 1 entities, in source file /research/sim/des_top/uart_rx.v
    Info (12023): Found entity 1: UART_RX
Info (12021): Found 1 design units, including 1 entities, in source file /research/sim/des_top/sbox.v
    Info (12023): Found entity 1: SBOX
Info (12021): Found 1 design units, including 1 entities, in source file /research/sim/des_top/rol.v
    Info (12023): Found entity 1: ROL
Info (12021): Found 1 design units, including 1 entities, in source file /research/sim/des_top/pc2.v
    Info (12023): Found entity 1: PC2
Info (12021): Found 1 design units, including 1 entities, in source file /research/sim/des_top/pc1.v
    Info (12023): Found entity 1: PC1
Info (12021): Found 1 design units, including 1 entities, in source file /research/sim/des_top/p_table.v
    Info (12023): Found entity 1: P_Table
Info (12021): Found 1 design units, including 1 entities, in source file /research/sim/des_top/ip.v
    Info (12023): Found entity 1: IP
Info (12021): Found 1 design units, including 1 entities, in source file /research/sim/des_top/invip.v
    Info (12023): Found entity 1: InvIP
Info (12021): Found 1 design units, including 1 entities, in source file /research/sim/des_top/e_table.v
    Info (12023): Found entity 1: E_Table
Info (12021): Found 1 design units, including 1 entities, in source file /research/sim/des_top/des_top.v
    Info (12023): Found entity 1: DES_Top
Info (12021): Found 1 design units, including 1 entities, in source file /research/sim/des_top/des.v
    Info (12023): Found entity 1: DES
Info (12127): Elaborating entity "DES_Top" for the top level hierarchy
Warning (10230): Verilog HDL assignment warning at DES_Top.v(77): truncated value with size 8 to match size of target (2)
Warning (10230): Verilog HDL assignment warning at DES_Top.v(85): truncated value with size 32 to match size of target (3)
Warning (10230): Verilog HDL assignment warning at DES_Top.v(93): truncated value with size 32 to match size of target (3)
Warning (10230): Verilog HDL assignment warning at DES_Top.v(118): truncated value with size 32 to match size of target (3)
Info (12128): Elaborating entity "UART_RX" for hierarchy "UART_RX:RX0"
Warning (10230): Verilog HDL assignment warning at UART_RX.v(61): truncated value with size 32 to match size of target (20)
Warning (10230): Verilog HDL assignment warning at UART_RX.v(62): truncated value with size 32 to match size of target (3)
Info (12128): Elaborating entity "UART_TX" for hierarchy "UART_TX:TX0"
Warning (10230): Verilog HDL assignment warning at UART_TX.v(58): truncated value with size 32 to match size of target (20)
Warning (10230): Verilog HDL assignment warning at UART_TX.v(59): truncated value with size 32 to match size of target (3)
Info (12128): Elaborating entity "DES" for hierarchy "DES:DES0"
Warning (10230): Verilog HDL assignment warning at DES.v(100): truncated value with size 32 to match size of target (4)
Info (12128): Elaborating entity "IP" for hierarchy "DES:DES0|IP:IP0"
Info (12128): Elaborating entity "PC1" for hierarchy "DES:DES0|PC1:PC10"
Info (12128): Elaborating entity "E_Table" for hierarchy "DES:DES0|E_Table:ETable0"
Info (12128): Elaborating entity "PC2" for hierarchy "DES:DES0|PC2:PC20"
Info (12128): Elaborating entity "SBOX" for hierarchy "DES:DES0|SBOX:SBOX0"
Info (12128): Elaborating entity "P_Table" for hierarchy "DES:DES0|P_Table:Ptable0"
Info (12128): Elaborating entity "InvIP" for hierarchy "DES:DES0|InvIP:InvIP0"
Info (12128): Elaborating entity "ROL" for hierarchy "DES:DES0|ROL:ROL_C"
Warning (13024): Output pins are stuck at VCC or GND
    Warning (13410): Pin "o_LED[6]" is stuck at GND
    Warning (13410): Pin "o_LED[7]" is stuck at GND
Info (286030): Timing-Driven Synthesis is running
Info (17049): 7 registers lost all their fanouts during netlist optimizations.
Info (16010): Generating hard_block partition "hard_block:auto_generated_inst"
    Info (16011): Adding 0 node(s), including 0 DDIO, 0 PLL, 0 transceiver and 0 LCELL
Info (21057): Implemented 534 device resources after synthesis - the final resource count might be different
    Info (21058): Implemented 3 input pins
    Info (21059): Implemented 9 output pins
    Info (21061): Implemented 522 logic cells
Info: Quartus II 64-Bit Analysis & Synthesis was successful. 0 errors, 13 warnings
    Info: Peak virtual memory: 4677 megabytes
    Info: Processing ended: Thu Nov 30 14:03:33 2023
    Info: Elapsed time: 00:00:03
    Info: Total CPU time (on all processors): 00:00:01


