Analysis & Synthesis report for StopWatch
Thu Nov 02 15:39:27 2023
Quartus II 64-Bit Version 13.1.0 Build 162 10/23/2013 SJ Web Edition


---------------------
; Table of Contents ;
---------------------
  1. Legal Notice
  2. Analysis & Synthesis Summary
  3. Analysis & Synthesis Settings
  4. Parallel Compilation
  5. Analysis & Synthesis Source Files Read
  6. Analysis & Synthesis Resource Usage Summary
  7. Analysis & Synthesis Resource Utilization by Entity
  8. State Machine - |StopWatch|c_State
  9. User-Specified and Inferred Latches
 10. General Register Statistics
 11. Inverted Register Statistics
 12. Multiplexer Restructuring Statistics (Restructuring Performed)
 13. Parameter Settings for User Entity Instance: Top-level Entity: |StopWatch
 14. Elapsed Time Per Partition
 15. Analysis & Synthesis Messages



----------------
; Legal Notice ;
----------------
Copyright (C) 1991-2013 Altera Corporation
Your use of Altera Corporation's design tools, logic functions 
and other software and tools, and its AMPP partner logic 
functions, and any output files from any of the foregoing 
(including device programming or simulation files), and any 
associated documentation or information are expressly subject 
to the terms and conditions of the Altera Program License 
Subscription Agreement, Altera MegaCore Function License 
Agreement, or other applicable license agreement, including, 
without limitation, that your use is for the sole purpose of 
programming logic devices manufactured by Altera and sold by 
Altera or its authorized distributors.  Please refer to the 
applicable agreement for further details.



+------------------------------------------------------------------------------+
; Analysis & Synthesis Summary                                                 ;
+---------------------------------+--------------------------------------------+
; Analysis & Synthesis Status     ; Successful - Thu Nov 02 15:39:27 2023      ;
; Quartus II 64-Bit Version       ; 13.1.0 Build 162 10/23/2013 SJ Web Edition ;
; Revision Name                   ; StopWatch                                  ;
; Top-level Entity Name           ; StopWatch                                  ;
; Family                          ; Cyclone V                                  ;
; Logic utilization (in ALMs)     ; N/A                                        ;
; Total registers                 ; 51                                         ;
; Total pins                      ; 46                                         ;
; Total virtual pins              ; 0                                          ;
; Total block memory bits         ; 0                                          ;
; Total DSP Blocks                ; 0                                          ;
; Total HSSI RX PCSs              ; 0                                          ;
; Total HSSI PMA RX Deserializers ; 0                                          ;
; Total HSSI TX PCSs              ; 0                                          ;
; Total HSSI TX Channels          ; 0                                          ;
; Total PLLs                      ; 0                                          ;
; Total DLLs                      ; 0                                          ;
+---------------------------------+--------------------------------------------+


+---------------------------------------------------------------------------------------------------------------------------+
; Analysis & Synthesis Settings                                                                                             ;
+---------------------------------------------------------------------------------+--------------------+--------------------+
; Option                                                                          ; Setting            ; Default Value      ;
+---------------------------------------------------------------------------------+--------------------+--------------------+
; Device                                                                          ; 5CSEMA5F31C6       ;                    ;
; Top-level entity name                                                           ; StopWatch          ; StopWatch          ;
; Family name                                                                     ; Cyclone V          ; Cyclone IV GX      ;
; Use smart compilation                                                           ; Off                ; Off                ;
; Enable parallel Assembler and TimeQuest Timing Analyzer during compilation      ; On                 ; On                 ;
; Enable compact report table                                                     ; Off                ; Off                ;
; Restructure Multiplexers                                                        ; Auto               ; Auto               ;
; MLAB Add Timing Constraints For Mixed-Port Feed-Through Mode Setting Don't Care ; Off                ; Off                ;
; Create Debugging Nodes for IP Cores                                             ; Off                ; Off                ;
; Preserve fewer node names                                                       ; On                 ; On                 ;
; Disable OpenCore Plus hardware evaluation                                       ; Off                ; Off                ;
; Verilog Version                                                                 ; Verilog_2001       ; Verilog_2001       ;
; VHDL Version                                                                    ; VHDL_1993          ; VHDL_1993          ;
; State Machine Processing                                                        ; Auto               ; Auto               ;
; Safe State Machine                                                              ; Off                ; Off                ;
; Extract Verilog State Machines                                                  ; On                 ; On                 ;
; Extract VHDL State Machines                                                     ; On                 ; On                 ;
; Ignore Verilog initial constructs                                               ; Off                ; Off                ;
; Iteration limit for constant Verilog loops                                      ; 5000               ; 5000               ;
; Iteration limit for non-constant Verilog loops                                  ; 250                ; 250                ;
; Add Pass-Through Logic to Inferred RAMs                                         ; On                 ; On                 ;
; Infer RAMs from Raw Logic                                                       ; On                 ; On                 ;
; Parallel Synthesis                                                              ; On                 ; On                 ;
; DSP Block Balancing                                                             ; Auto               ; Auto               ;
; NOT Gate Push-Back                                                              ; On                 ; On                 ;
; Power-Up Don't Care                                                             ; On                 ; On                 ;
; Remove Redundant Logic Cells                                                    ; Off                ; Off                ;
; Remove Duplicate Registers                                                      ; On                 ; On                 ;
; Ignore CARRY Buffers                                                            ; Off                ; Off                ;
; Ignore CASCADE Buffers                                                          ; Off                ; Off                ;
; Ignore GLOBAL Buffers                                                           ; Off                ; Off                ;
; Ignore ROW GLOBAL Buffers                                                       ; Off                ; Off                ;
; Ignore LCELL Buffers                                                            ; Off                ; Off                ;
; Ignore SOFT Buffers                                                             ; On                 ; On                 ;
; Limit AHDL Integers to 32 Bits                                                  ; Off                ; Off                ;
; Optimization Technique                                                          ; Balanced           ; Balanced           ;
; Carry Chain Length                                                              ; 70                 ; 70                 ;
; Auto Carry Chains                                                               ; On                 ; On                 ;
; Auto Open-Drain Pins                                                            ; On                 ; On                 ;
; Perform WYSIWYG Primitive Resynthesis                                           ; Off                ; Off                ;
; Auto ROM Replacement                                                            ; On                 ; On                 ;
; Auto RAM Replacement                                                            ; On                 ; On                 ;
; Auto DSP Block Replacement                                                      ; On                 ; On                 ;
; Auto Shift Register Replacement                                                 ; Auto               ; Auto               ;
; Allow Shift Register Merging across Hierarchies                                 ; Auto               ; Auto               ;
; Auto Clock Enable Replacement                                                   ; On                 ; On                 ;
; Strict RAM Replacement                                                          ; Off                ; Off                ;
; Allow Synchronous Control Signals                                               ; On                 ; On                 ;
; Force Use of Synchronous Clear Signals                                          ; Off                ; Off                ;
; Auto Resource Sharing                                                           ; Off                ; Off                ;
; Allow Any RAM Size For Recognition                                              ; Off                ; Off                ;
; Allow Any ROM Size For Recognition                                              ; Off                ; Off                ;
; Allow Any Shift Register Size For Recognition                                   ; Off                ; Off                ;
; Use LogicLock Constraints during Resource Balancing                             ; On                 ; On                 ;
; Ignore translate_off and synthesis_off directives                               ; Off                ; Off                ;
; Timing-Driven Synthesis                                                         ; On                 ; On                 ;
; Report Parameter Settings                                                       ; On                 ; On                 ;
; Report Source Assignments                                                       ; On                 ; On                 ;
; Report Connectivity Checks                                                      ; On                 ; On                 ;
; Ignore Maximum Fan-Out Assignments                                              ; Off                ; Off                ;
; Synchronization Register Chain Length                                           ; 3                  ; 3                  ;
; PowerPlay Power Optimization                                                    ; Normal compilation ; Normal compilation ;
; HDL message level                                                               ; Level2             ; Level2             ;
; Suppress Register Optimization Related Messages                                 ; Off                ; Off                ;
; Number of Removed Registers Reported in Synthesis Report                        ; 5000               ; 5000               ;
; Number of Swept Nodes Reported in Synthesis Report                              ; 5000               ; 5000               ;
; Number of Inverted Registers Reported in Synthesis Report                       ; 100                ; 100                ;
; Clock MUX Protection                                                            ; On                 ; On                 ;
; Auto Gated Clock Conversion                                                     ; Off                ; Off                ;
; Block Design Naming                                                             ; Auto               ; Auto               ;
; SDC constraint protection                                                       ; Off                ; Off                ;
; Synthesis Effort                                                                ; Auto               ; Auto               ;
; Shift Register Replacement - Allow Asynchronous Clear Signal                    ; On                 ; On                 ;
; Pre-Mapping Resynthesis Optimization                                            ; Off                ; Off                ;
; Analysis & Synthesis Message Level                                              ; Medium             ; Medium             ;
; Disable Register Merging Across Hierarchies                                     ; Auto               ; Auto               ;
; Resource Aware Inference For Block RAM                                          ; On                 ; On                 ;
; Synthesis Seed                                                                  ; 1                  ; 1                  ;
; Automatic Parallel Synthesis                                                    ; On                 ; On                 ;
+---------------------------------------------------------------------------------+--------------------+--------------------+


+------------------------------------------+
; Parallel Compilation                     ;
+----------------------------+-------------+
; Processors                 ; Number      ;
+----------------------------+-------------+
; Number detected on machine ; 8           ;
; Maximum allowed            ; 4           ;
;                            ;             ;
; Average used               ; 1.00        ;
; Maximum used               ; 1           ;
;                            ;             ;
; Usage by Processor         ; % Time Used ;
;     Processor 1            ; 100.0%      ;
;     Processors 2-8         ;   0.0%      ;
+----------------------------+-------------+


+-----------------------------------------------------------------------------------------------------------------------------------+
; Analysis & Synthesis Source Files Read                                                                                            ;
+--------------------------------------+-----------------+------------------------+---------------------------------------+---------+
; File Name with User-Entered Path     ; Used in Netlist ; File Type              ; File Name with Absolute Path          ; Library ;
+--------------------------------------+-----------------+------------------------+---------------------------------------+---------+
; ../../../Users/seize/Downloads/FND.v ; yes             ; User Verilog HDL File  ; C:/Users/seize/Downloads/FND.v        ;         ;
; ../../SIM/StopWatch/StopWatch.v      ; yes             ; User Verilog HDL File  ; C:/Research/SIM/StopWatch/StopWatch.v ;         ;
+--------------------------------------+-----------------+------------------------+---------------------------------------+---------+


+-----------------------------------------------------------+
; Analysis & Synthesis Resource Usage Summary               ;
+---------------------------------------------+-------------+
; Resource                                    ; Usage       ;
+---------------------------------------------+-------------+
; Estimate of Logic utilization (ALMs needed) ; 102         ;
;                                             ;             ;
; Combinational ALUT usage for logic          ; 178         ;
;     -- 7 input functions                    ; 0           ;
;     -- 6 input functions                    ; 26          ;
;     -- 5 input functions                    ; 5           ;
;     -- 4 input functions                    ; 48          ;
;     -- <=3 input functions                  ; 99          ;
;                                             ;             ;
; Dedicated logic registers                   ; 51          ;
;                                             ;             ;
; I/O pins                                    ; 46          ;
; Total DSP Blocks                            ; 0           ;
; Maximum fan-out node                        ; i_Clk~input ;
; Maximum fan-out                             ; 51          ;
; Total fan-out                               ; 886         ;
; Average fan-out                             ; 2.76        ;
+---------------------------------------------+-------------+


+-----------------------------------------------------------------------------------------------------------------------------------------------------------+
; Analysis & Synthesis Resource Utilization by Entity                                                                                                       ;
+----------------------------+-------------------+--------------+-------------------+------------+------+--------------+---------------------+--------------+
; Compilation Hierarchy Node ; LC Combinationals ; LC Registers ; Block Memory Bits ; DSP Blocks ; Pins ; Virtual Pins ; Full Hierarchy Name ; Library Name ;
+----------------------------+-------------------+--------------+-------------------+------------+------+--------------+---------------------+--------------+
; |StopWatch                 ; 178 (88)          ; 51 (51)      ; 0                 ; 0          ; 46   ; 0            ; |StopWatch          ; work         ;
;    |FND:FND0|              ; 15 (15)           ; 0 (0)        ; 0                 ; 0          ; 0    ; 0            ; |StopWatch|FND:FND0 ; work         ;
;    |FND:FND1|              ; 15 (15)           ; 0 (0)        ; 0                 ; 0          ; 0    ; 0            ; |StopWatch|FND:FND1 ; work         ;
;    |FND:FND2|              ; 15 (15)           ; 0 (0)        ; 0                 ; 0          ; 0    ; 0            ; |StopWatch|FND:FND2 ; work         ;
;    |FND:FND3|              ; 15 (15)           ; 0 (0)        ; 0                 ; 0          ; 0    ; 0            ; |StopWatch|FND:FND3 ; work         ;
;    |FND:FND4|              ; 15 (15)           ; 0 (0)        ; 0                 ; 0          ; 0    ; 0            ; |StopWatch|FND:FND4 ; work         ;
;    |FND:FND5|              ; 15 (15)           ; 0 (0)        ; 0                 ; 0          ; 0    ; 0            ; |StopWatch|FND:FND5 ; work         ;
+----------------------------+-------------------+--------------+-------------------+------------+------+--------------+---------------------+--------------+
Note: For table entries with two numbers listed, the numbers in parentheses indicate the number of resources of the given type used by the specific entity alone. The numbers listed outside of parentheses indicate the total resources of the given type used by the specific entity and all of its sub-entities in the hierarchy.


Encoding Type:  One-Hot
+-------------------------------------------------------------+
; State Machine - |StopWatch|c_State                          ;
+---------------+--------------+---------------+--------------+
; Name          ; c_State.IDLE ; c_State.PAUSE ; c_State.WORK ;
+---------------+--------------+---------------+--------------+
; c_State.IDLE  ; 0            ; 0             ; 0            ;
; c_State.WORK  ; 1            ; 0             ; 1            ;
; c_State.PAUSE ; 1            ; 1             ; 0            ;
+---------------+--------------+---------------+--------------+


+----------------------------------------------------------------------------------------------------+
; User-Specified and Inferred Latches                                                                ;
+-----------------------------------------------------+---------------------+------------------------+
; Latch Name                                          ; Latch Enable Signal ; Free of Timing Hazards ;
+-----------------------------------------------------+---------------------+------------------------+
; FND:FND0|o_FND[0]                                   ; FND:FND0|Mux7       ; yes                    ;
; FND:FND0|o_FND[1]                                   ; FND:FND0|Mux7       ; yes                    ;
; FND:FND0|o_FND[2]                                   ; FND:FND0|Mux7       ; yes                    ;
; FND:FND0|o_FND[3]                                   ; FND:FND0|Mux7       ; yes                    ;
; FND:FND0|o_FND[4]                                   ; FND:FND0|Mux7       ; yes                    ;
; FND:FND0|o_FND[5]                                   ; FND:FND0|Mux7       ; yes                    ;
; FND:FND0|o_FND[6]                                   ; FND:FND0|Mux7       ; yes                    ;
; FND:FND1|o_FND[0]                                   ; FND:FND1|Mux7       ; yes                    ;
; FND:FND1|o_FND[1]                                   ; FND:FND1|Mux7       ; yes                    ;
; FND:FND1|o_FND[2]                                   ; FND:FND1|Mux7       ; yes                    ;
; FND:FND1|o_FND[3]                                   ; FND:FND1|Mux7       ; yes                    ;
; FND:FND1|o_FND[4]                                   ; FND:FND1|Mux7       ; yes                    ;
; FND:FND1|o_FND[5]                                   ; FND:FND1|Mux7       ; yes                    ;
; FND:FND1|o_FND[6]                                   ; FND:FND1|Mux7       ; yes                    ;
; FND:FND2|o_FND[0]                                   ; FND:FND2|Mux7       ; yes                    ;
; FND:FND2|o_FND[1]                                   ; FND:FND2|Mux7       ; yes                    ;
; FND:FND2|o_FND[2]                                   ; FND:FND2|Mux7       ; yes                    ;
; FND:FND2|o_FND[3]                                   ; FND:FND2|Mux7       ; yes                    ;
; FND:FND2|o_FND[4]                                   ; FND:FND2|Mux7       ; yes                    ;
; FND:FND2|o_FND[5]                                   ; FND:FND2|Mux7       ; yes                    ;
; FND:FND2|o_FND[6]                                   ; FND:FND2|Mux7       ; yes                    ;
; FND:FND3|o_FND[0]                                   ; FND:FND3|Mux7       ; yes                    ;
; FND:FND3|o_FND[1]                                   ; FND:FND3|Mux7       ; yes                    ;
; FND:FND3|o_FND[2]                                   ; FND:FND3|Mux7       ; yes                    ;
; FND:FND3|o_FND[3]                                   ; FND:FND3|Mux7       ; yes                    ;
; FND:FND3|o_FND[4]                                   ; FND:FND3|Mux7       ; yes                    ;
; FND:FND3|o_FND[5]                                   ; FND:FND3|Mux7       ; yes                    ;
; FND:FND3|o_FND[6]                                   ; FND:FND3|Mux7       ; yes                    ;
; FND:FND4|o_FND[0]                                   ; FND:FND4|Mux7       ; yes                    ;
; FND:FND4|o_FND[1]                                   ; FND:FND4|Mux7       ; yes                    ;
; FND:FND4|o_FND[2]                                   ; FND:FND4|Mux7       ; yes                    ;
; FND:FND4|o_FND[3]                                   ; FND:FND4|Mux7       ; yes                    ;
; FND:FND4|o_FND[4]                                   ; FND:FND4|Mux7       ; yes                    ;
; FND:FND4|o_FND[5]                                   ; FND:FND4|Mux7       ; yes                    ;
; FND:FND4|o_FND[6]                                   ; FND:FND4|Mux7       ; yes                    ;
; FND:FND5|o_FND[0]                                   ; FND:FND5|Mux7       ; yes                    ;
; FND:FND5|o_FND[1]                                   ; FND:FND5|Mux7       ; yes                    ;
; FND:FND5|o_FND[2]                                   ; FND:FND5|Mux7       ; yes                    ;
; FND:FND5|o_FND[3]                                   ; FND:FND5|Mux7       ; yes                    ;
; FND:FND5|o_FND[4]                                   ; FND:FND5|Mux7       ; yes                    ;
; FND:FND5|o_FND[5]                                   ; FND:FND5|Mux7       ; yes                    ;
; FND:FND5|o_FND[6]                                   ; FND:FND5|Mux7       ; yes                    ;
; Number of user-specified and inferred latches = 42  ;                     ;                        ;
+-----------------------------------------------------+---------------------+------------------------+
Note: All latches listed above may not be present at the end of synthesis due to various synthesis optimizations.


+------------------------------------------------------+
; General Register Statistics                          ;
+----------------------------------------------+-------+
; Statistic                                    ; Value ;
+----------------------------------------------+-------+
; Total registers                              ; 51    ;
; Number of registers using Synchronous Clear  ; 0     ;
; Number of registers using Synchronous Load   ; 0     ;
; Number of registers using Asynchronous Clear ; 39    ;
; Number of registers using Asynchronous Load  ; 0     ;
; Number of registers using Clock Enable       ; 12    ;
; Number of registers using Preset             ; 0     ;
+----------------------------------------------+-------+


+--------------------------------------------------+
; Inverted Register Statistics                     ;
+----------------------------------------+---------+
; Inverted Register                      ; Fan out ;
+----------------------------------------+---------+
; c_fStop                                ; 15      ;
; Total number of inverted registers = 1 ;         ;
+----------------------------------------+---------+


+------------------------------------------------------------------------------------------------------------------------------------------+
; Multiplexer Restructuring Statistics (Restructuring Performed)                                                                           ;
+--------------------+-----------+---------------+----------------------+------------------------+------------+----------------------------+
; Multiplexer Inputs ; Bus Width ; Baseline Area ; Area if Restructured ; Saving if Restructured ; Registered ; Example Multiplexer Output ;
+--------------------+-----------+---------------+----------------------+------------------------+------------+----------------------------+
; 3:1                ; 4 bits    ; 8 LEs         ; 8 LEs                ; 0 LEs                  ; No         ; |StopWatch|n_Sec0          ;
; 3:1                ; 4 bits    ; 8 LEs         ; 8 LEs                ; 0 LEs                  ; No         ; |StopWatch|n_Sec1          ;
; 3:1                ; 4 bits    ; 8 LEs         ; 8 LEs                ; 0 LEs                  ; No         ; |StopWatch|n_Sec2          ;
; 5:1                ; 2 bits    ; 6 LEs         ; 4 LEs                ; 2 LEs                  ; No         ; |StopWatch|Selector49      ;
+--------------------+-----------+---------------+----------------------+------------------------+------------+----------------------------+


+---------------------------------------------------------------------------+
; Parameter Settings for User Entity Instance: Top-level Entity: |StopWatch ;
+----------------+---------+------------------------------------------------+
; Parameter Name ; Value   ; Type                                           ;
+----------------+---------+------------------------------------------------+
; LST_CLK        ; 4999999 ; Signed Integer                                 ;
; IDLE           ; 00      ; Unsigned Binary                                ;
; WORK           ; 01      ; Unsigned Binary                                ;
; PAUSE          ; 10      ; Unsigned Binary                                ;
+----------------+---------+------------------------------------------------+
Note: In order to hide this table in the UI and the text report file, please set the "Show Parameter Settings in Synthesis Report" option in "Analysis and Synthesis Settings -> More Settings" to "Off".


+-------------------------------+
; Elapsed Time Per Partition    ;
+----------------+--------------+
; Partition Name ; Elapsed Time ;
+----------------+--------------+
; Top            ; 00:00:00     ;
+----------------+--------------+


+-------------------------------+
; Analysis & Synthesis Messages ;
+-------------------------------+
Info: *******************************************************************
Info: Running Quartus II 64-Bit Analysis & Synthesis
    Info: Version 13.1.0 Build 162 10/23/2013 SJ Web Edition
    Info: Processing started: Thu Nov 02 15:39:25 2023
Info: Command: quartus_map --read_settings_files=on --write_settings_files=off StopWatch -c StopWatch
Info (11104): Parallel Compilation has detected 8 hyper-threaded processors. However, the extra hyper-threaded processors will not be used by default. Parallel Compilation will use 4 of the 4 physical processors detected instead.
Info (12021): Found 1 design units, including 1 entities, in source file /users/seize/downloads/fnd.v
    Info (12023): Found entity 1: FND
Info (12021): Found 1 design units, including 1 entities, in source file /research/sim/stopwatch/stopwatch.v
    Info (12023): Found entity 1: StopWatch
Info (12127): Elaborating entity "StopWatch" for the top level hierarchy
Warning (10036): Verilog HDL or VHDL warning at StopWatch.v(16): object "n_fStart" assigned a value but never read
Warning (10240): Verilog HDL Always Construct warning at StopWatch.v(34): inferring latch(es) for variable "c_fStart", which holds its previous value in one or more paths through the always construct
Warning (10230): Verilog HDL assignment warning at StopWatch.v(93): truncated value with size 32 to match size of target (23)
Warning (10230): Verilog HDL assignment warning at StopWatch.v(95): truncated value with size 32 to match size of target (4)
Warning (10230): Verilog HDL assignment warning at StopWatch.v(96): truncated value with size 32 to match size of target (4)
Warning (10230): Verilog HDL assignment warning at StopWatch.v(97): truncated value with size 32 to match size of target (4)
Info (10041): Inferred latch for "c_fStart" at StopWatch.v(44)
Info (12128): Elaborating entity "FND" for hierarchy "FND:FND0"
Warning (10270): Verilog HDL Case Statement warning at FND.v(7): incomplete case statement has no default case item
Warning (10240): Verilog HDL Always Construct warning at FND.v(7): inferring latch(es) for variable "o_FND", which holds its previous value in one or more paths through the always construct
Info (10041): Inferred latch for "o_FND[0]" at FND.v(7)
Info (10041): Inferred latch for "o_FND[1]" at FND.v(7)
Info (10041): Inferred latch for "o_FND[2]" at FND.v(7)
Info (10041): Inferred latch for "o_FND[3]" at FND.v(7)
Info (10041): Inferred latch for "o_FND[4]" at FND.v(7)
Info (10041): Inferred latch for "o_FND[5]" at FND.v(7)
Info (10041): Inferred latch for "o_FND[6]" at FND.v(7)
Warning (13012): Latch FND:FND0|o_FND[0] has unsafe behavior
    Warning (13013): Ports D and ENA on the latch are fed by the same signal c_Sec0[1]
Warning (13012): Latch FND:FND0|o_FND[1] has unsafe behavior
    Warning (13013): Ports D and ENA on the latch are fed by the same signal c_Sec0[2]
Warning (13012): Latch FND:FND0|o_FND[2] has unsafe behavior
    Warning (13013): Ports D and ENA on the latch are fed by the same signal c_Sec0[2]
Warning (13012): Latch FND:FND0|o_FND[3] has unsafe behavior
    Warning (13013): Ports D and ENA on the latch are fed by the same signal c_Sec0[2]
Warning (13012): Latch FND:FND0|o_FND[4] has unsafe behavior
    Warning (13013): Ports D and ENA on the latch are fed by the same signal c_Sec0[2]
Warning (13012): Latch FND:FND0|o_FND[5] has unsafe behavior
    Warning (13013): Ports D and ENA on the latch are fed by the same signal c_Sec0[1]
Warning (13012): Latch FND:FND0|o_FND[6] has unsafe behavior
    Warning (13013): Ports D and ENA on the latch are fed by the same signal c_Sec0[1]
Warning (13012): Latch FND:FND1|o_FND[0] has unsafe behavior
    Warning (13013): Ports D and ENA on the latch are fed by the same signal c_Sec1[1]
Warning (13012): Latch FND:FND1|o_FND[1] has unsafe behavior
    Warning (13013): Ports D and ENA on the latch are fed by the same signal c_Sec1[2]
Warning (13012): Latch FND:FND1|o_FND[2] has unsafe behavior
    Warning (13013): Ports D and ENA on the latch are fed by the same signal c_Sec1[2]
Warning (13012): Latch FND:FND1|o_FND[3] has unsafe behavior
    Warning (13013): Ports D and ENA on the latch are fed by the same signal c_Sec1[2]
Warning (13012): Latch FND:FND1|o_FND[4] has unsafe behavior
    Warning (13013): Ports D and ENA on the latch are fed by the same signal c_Sec1[2]
Warning (13012): Latch FND:FND1|o_FND[5] has unsafe behavior
    Warning (13013): Ports D and ENA on the latch are fed by the same signal c_Sec1[1]
Warning (13012): Latch FND:FND1|o_FND[6] has unsafe behavior
    Warning (13013): Ports D and ENA on the latch are fed by the same signal c_Sec1[1]
Warning (13012): Latch FND:FND2|o_FND[0] has unsafe behavior
    Warning (13013): Ports D and ENA on the latch are fed by the same signal c_Sec2[1]
Warning (13012): Latch FND:FND2|o_FND[1] has unsafe behavior
    Warning (13013): Ports D and ENA on the latch are fed by the same signal c_Sec2[2]
Warning (13012): Latch FND:FND2|o_FND[2] has unsafe behavior
    Warning (13013): Ports D and ENA on the latch are fed by the same signal c_Sec2[2]
Warning (13012): Latch FND:FND2|o_FND[3] has unsafe behavior
    Warning (13013): Ports D and ENA on the latch are fed by the same signal c_Sec2[2]
Warning (13012): Latch FND:FND2|o_FND[4] has unsafe behavior
    Warning (13013): Ports D and ENA on the latch are fed by the same signal c_Sec2[2]
Warning (13012): Latch FND:FND2|o_FND[5] has unsafe behavior
    Warning (13013): Ports D and ENA on the latch are fed by the same signal c_Sec2[1]
Warning (13012): Latch FND:FND2|o_FND[6] has unsafe behavior
    Warning (13013): Ports D and ENA on the latch are fed by the same signal c_Sec2[1]
Warning (13012): Latch FND:FND3|o_FND[0] has unsafe behavior
    Warning (13013): Ports D and ENA on the latch are fed by the same signal c_Rec0[1]
Warning (13012): Latch FND:FND3|o_FND[1] has unsafe behavior
    Warning (13013): Ports D and ENA on the latch are fed by the same signal c_Rec0[2]
Warning (13012): Latch FND:FND3|o_FND[2] has unsafe behavior
    Warning (13013): Ports D and ENA on the latch are fed by the same signal c_Rec0[2]
Warning (13012): Latch FND:FND3|o_FND[3] has unsafe behavior
    Warning (13013): Ports D and ENA on the latch are fed by the same signal c_Rec0[2]
Warning (13012): Latch FND:FND3|o_FND[4] has unsafe behavior
    Warning (13013): Ports D and ENA on the latch are fed by the same signal c_Rec0[2]
Warning (13012): Latch FND:FND3|o_FND[5] has unsafe behavior
    Warning (13013): Ports D and ENA on the latch are fed by the same signal c_Rec0[1]
Warning (13012): Latch FND:FND3|o_FND[6] has unsafe behavior
    Warning (13013): Ports D and ENA on the latch are fed by the same signal c_Rec0[1]
Warning (13012): Latch FND:FND4|o_FND[0] has unsafe behavior
    Warning (13013): Ports D and ENA on the latch are fed by the same signal c_Rec1[1]
Warning (13012): Latch FND:FND4|o_FND[1] has unsafe behavior
    Warning (13013): Ports D and ENA on the latch are fed by the same signal c_Rec1[2]
Warning (13012): Latch FND:FND4|o_FND[2] has unsafe behavior
    Warning (13013): Ports D and ENA on the latch are fed by the same signal c_Rec1[2]
Warning (13012): Latch FND:FND4|o_FND[3] has unsafe behavior
    Warning (13013): Ports D and ENA on the latch are fed by the same signal c_Rec1[2]
Warning (13012): Latch FND:FND4|o_FND[4] has unsafe behavior
    Warning (13013): Ports D and ENA on the latch are fed by the same signal c_Rec1[2]
Warning (13012): Latch FND:FND4|o_FND[5] has unsafe behavior
    Warning (13013): Ports D and ENA on the latch are fed by the same signal c_Rec1[1]
Warning (13012): Latch FND:FND4|o_FND[6] has unsafe behavior
    Warning (13013): Ports D and ENA on the latch are fed by the same signal c_Rec1[1]
Warning (13012): Latch FND:FND5|o_FND[0] has unsafe behavior
    Warning (13013): Ports D and ENA on the latch are fed by the same signal c_Rec2[1]
Warning (13012): Latch FND:FND5|o_FND[1] has unsafe behavior
    Warning (13013): Ports D and ENA on the latch are fed by the same signal c_Rec2[2]
Warning (13012): Latch FND:FND5|o_FND[2] has unsafe behavior
    Warning (13013): Ports D and ENA on the latch are fed by the same signal c_Rec2[2]
Warning (13012): Latch FND:FND5|o_FND[3] has unsafe behavior
    Warning (13013): Ports D and ENA on the latch are fed by the same signal c_Rec2[2]
Warning (13012): Latch FND:FND5|o_FND[4] has unsafe behavior
    Warning (13013): Ports D and ENA on the latch are fed by the same signal c_Rec2[2]
Warning (13012): Latch FND:FND5|o_FND[5] has unsafe behavior
    Warning (13013): Ports D and ENA on the latch are fed by the same signal c_Rec2[1]
Warning (13012): Latch FND:FND5|o_FND[6] has unsafe behavior
    Warning (13013): Ports D and ENA on the latch are fed by the same signal c_Rec2[1]
Info (286030): Timing-Driven Synthesis is running
Info (16010): Generating hard_block partition "hard_block:auto_generated_inst"
    Info (16011): Adding 0 node(s), including 0 DDIO, 0 PLL, 0 transceiver and 0 LCELL
Info (21057): Implemented 224 device resources after synthesis - the final resource count might be different
    Info (21058): Implemented 4 input pins
    Info (21059): Implemented 42 output pins
    Info (21061): Implemented 178 logic cells
Info: Quartus II 64-Bit Analysis & Synthesis was successful. 0 errors, 92 warnings
    Info: Peak virtual memory: 4700 megabytes
    Info: Processing ended: Thu Nov 02 15:39:27 2023
    Info: Elapsed time: 00:00:02
    Info: Total CPU time (on all processors): 00:00:01


